[20:06:45] [main/INFO]: Loading Minecraft 1.20.1 with Fabric Loader 0.16.3
[20:06:45] [ForkJoinPool-1-worker-4/WARN]: The mod "supplementaries" contains invalid entries in its mod json:
- Unsupported root entry "these are below are due to crashes they have and which have never been solved" at line 57 column 82
[20:06:45] [main/INFO]: Loading 110 mods:
	- antique_atlas 2.11.2+1.20
	- architectury 9.2.14
	- balm-fabric 7.3.18
	   \-- kuma_api 20.1.9-SNAPSHOT
	- bettervillage 3.2.1
	- cardinal-components 5.2.3
	   |-- cardinal-components-base 5.2.3
	   |-- cardinal-components-block 5.2.3
	   |-- cardinal-components-chunk 5.2.3
	   |-- cardinal-components-entity 5.2.3
	   |-- cardinal-components-item 5.2.3
	   |-- cardinal-components-level 5.2.3
	   |-- cardinal-components-scoreboard 5.2.3
	   \-- cardinal-components-world 5.2.3
	- charmofundying 6.5.0+1.20.1
	   \-- spectrelib 0.13.15+1.20.1
	- cloth-config 11.1.136
	   \-- cloth-basic-math 0.6.1
	- distanthorizons 2.3.0-b
	   |-- fabric-key-binding-api-v1 1.0.36+fb8d95da77
	   |-- fabric-rendering-v1 3.0.7+b3afc78b77
	   \-- fabric-screen-api-v1 2.0.7+b3afc78b77
	- easyanvils 8.0.2
	- easymagic 8.0.1
	- eldritch_mobs 1.15.2
	   |-- polymer-blocks 0.5.15+1.20.1
	   |-- polymer-core 0.5.15+1.20.1
	   |    |-- polymer-networking 0.5.15+1.20.1
	   |    |    \-- polymer-common 0.5.15+1.20.1
	   |    |         \-- packet_tweaker 0.4.0+1.19.4
	   |    \-- polymer-registry-sync-manipulator 0.5.15+1.20.1
	   \-- server_translations_api 2.0.0+1.20
	        \-- packet_tweaker 0.4.0+1.19.4
	- endrem 5.2.4
	- fabric-api 0.92.3+1.20.1
	   |-- fabric-api-base 0.4.31+1802ada577
	   |-- fabric-api-lookup-api-v1 1.6.36+1802ada577
	   |-- fabric-biome-api-v1 13.0.13+1802ada577
	   |-- fabric-block-api-v1 1.0.11+1802ada577
	   |-- fabric-block-view-api-v2 1.0.1+1802ada577
	   |-- fabric-blockrenderlayer-v1 1.1.41+1802ada577
	   |-- fabric-client-tags-api-v1 1.1.2+1802ada577
	   |-- fabric-command-api-v1 1.2.34+f71b366f77
	   |-- fabric-command-api-v2 2.2.13+1802ada577
	   |-- fabric-commands-v0 0.2.51+df3654b377
	   |-- fabric-containers-v0 0.1.65+df3654b377
	   |-- fabric-content-registries-v0 4.0.12+1802ada577
	   |-- fabric-convention-tags-v1 1.5.5+1802ada577
	   |-- fabric-crash-report-info-v1 0.2.19+1802ada577
	   |-- fabric-data-attachment-api-v1 1.0.1+de0fd6d177
	   |-- fabric-data-generation-api-v1 12.3.5+1802ada577
	   |-- fabric-dimensions-v1 2.1.54+1802ada577
	   |-- fabric-entity-events-v1 1.6.0+1c78457f77
	   |-- fabric-events-interaction-v0 0.6.3+13a40c6677
	   |-- fabric-events-lifecycle-v0 0.2.63+df3654b377
	   |-- fabric-game-rule-api-v1 1.0.40+1802ada577
	   |-- fabric-item-api-v1 2.1.28+1802ada577
	   |-- fabric-item-group-api-v1 4.0.13+1802ada577
	   |-- fabric-key-binding-api-v1 1.0.37+1802ada577
	   |-- fabric-keybindings-v0 0.2.35+df3654b377
	   |-- fabric-lifecycle-events-v1 2.2.22+1802ada577
	   |-- fabric-loot-api-v2 1.2.2+1802ada577
	   |-- fabric-loot-tables-v1 1.1.46+9e7660c677
	   |-- fabric-message-api-v1 5.1.9+1802ada577
	   |-- fabric-mining-level-api-v1 2.1.51+1802ada577
	   |-- fabric-model-loading-api-v1 1.0.3+1802ada577
	   |-- fabric-models-v0 0.4.2+9386d8a777
	   |-- fabric-networking-api-v1 1.3.12+13a40c6677
	   |-- fabric-networking-v0 0.3.52+df3654b377
	   |-- fabric-object-builder-api-v1 11.1.4+1802ada577
	   |-- fabric-particles-v1 1.1.2+1802ada577
	   |-- fabric-recipe-api-v1 1.0.22+1802ada577
	   |-- fabric-registry-sync-v0 2.3.4+1802ada577
	   |-- fabric-renderer-api-v1 3.2.1+1802ada577
	   |-- fabric-renderer-indigo 1.5.2+85287f9f77
	   |-- fabric-renderer-registries-v1 3.2.46+df3654b377
	   |-- fabric-rendering-data-attachment-v1 0.3.37+92a0d36777
	   |-- fabric-rendering-fluids-v1 3.0.28+1802ada577
	   |-- fabric-rendering-v0 1.1.49+df3654b377
	   |-- fabric-rendering-v1 3.0.8+1802ada577
	   |-- fabric-resource-conditions-api-v1 2.3.8+1802ada577
	   |-- fabric-resource-loader-v0 0.11.11+fb82e9d777
	   |-- fabric-screen-api-v1 2.0.8+1802ada577
	   |-- fabric-screen-handler-api-v1 1.3.31+1802ada577
	   |-- fabric-sound-api-v1 1.0.13+1802ada577
	   |-- fabric-transfer-api-v1 3.3.5+8dd72ea377
	   \-- fabric-transitive-access-wideners-v1 4.3.1+1802ada577
	- fabricloader 0.16.3
	   \-- mixinextras 0.4.1
	- forgeconfigapiport 8.0.1
	- fwaystones 3.3.2+mc1.20.1
	- illagerinvasion 8.0.7
	   \-- extensibleenums 7.0.1
	- incendium 5.3.5
	- java 17
	- jei 15.20.0.106
	- libraryferret 4.0.0
	- mca 7.6.3+1.20.1
	- minecraft 1.20.1
	- moonlight 1.20-2.13.72
	- mr_true_ending 1-v1.1.0c
	- notenoughanimations 1.9.2
	- nullscape 1.2.7
	- owo 0.11.2+1.20
	   \-- blue_endless_jankson 1.2.2
	- paraglider 20.1.3
	- puzzleslib 8.1.29
	   \-- puzzlesaccessapi 20.1.1
	- skinrestorer 2.2.1+1.20-fabric
	   \-- org_mineskin_java-client 3.0.1-SNAPSHOT
	- supplementaries 1.20-3.1.16
	   \-- mixinsquared 0.1.1
	- surface 1.8.1-1.20.1
	- surveyor 0.6.26+1.20
	   \-- folk_sisby_kaleido-config 0.3.1+1.3.2
	- terrablender 3.0.1.10
	   |-- com_electronwill_night-config_core 3.6.7
	   \-- com_electronwill_night-config_toml 3.6.7
	- trashslot 15.1.1
	- trinkets 3.7.2
	- variantsandventures 1.0.6
	- visualworkbench 8.0.0
	- voicechat 1.20.1-2.5.28
	   \-- fabric-key-binding-api-v1 1.0.36+fb8d95da82
	- yet_another_config_lib_v3 3.6.3+1.20.1-fabric
	   \-- mixinextras 0.4.1
	- yungsapi 1.20-Fabric-4.0.6
	   |-- org_javassist_javassist 3.29.2-GA
	   \-- org_reflections_reflections 0.10.2
[20:06:45] [main/INFO]: SpongePowered MIXIN Subsystem Version=0.8.7 Source=file:/workspaces/Server_M/servidor_minecraft/libraries/net/fabricmc/sponge-mixin/0.15.2+mixin.0.8.7/sponge-mixin-0.15.2+mixin.0.8.7.jar Service=Knot/Fabric Env=SERVER
[20:06:46] [main/INFO]: Compatibility level set to JAVA_17
[20:06:46] [main/WARN]: Reference map 'puzzlesaccessapi.common.refmap.json' for puzzlesaccessapi.common.mixins.json could not be read. If this is a development environment you can ignore this message
[20:06:46] [main/WARN]: Reference map 'puzzlesaccessapi.fabric.refmap.json' for puzzlesaccessapi.fabric.mixins.json could not be read. If this is a development environment you can ignore this message
[20:06:46] [main/WARN]: Error loading class: fr/catcore/server/translations/api/resource/language/SystemDelegatedLanguage (java.lang.ClassNotFoundException: fr/catcore/server/translations/api/resource/language/SystemDelegatedLanguage)
[20:06:47] [main/WARN]: Error loading class: vectorwing/farmersdelight/common/block/TomatoVineBlock (java.lang.ClassNotFoundException: vectorwing/farmersdelight/common/block/TomatoVineBlock)
[20:06:47] [main/WARN]: Error loading class: me/jellysquid/mods/sodium/client/render/chunk/compile/pipeline/FluidRenderer (java.lang.ClassNotFoundException: me/jellysquid/mods/sodium/client/render/chunk/compile/pipeline/FluidRenderer)
[20:06:47] [main/INFO]: Initializing MixinExtras via com.llamalad7.mixinextras.service.MixinExtrasServiceImpl(version=0.4.1).
[20:06:51] [main/WARN]: @Final field field_7770:Lnet/minecraft/class_3915; in surface.mixins.json:AnvilScreenHandlerMixin from mod surface should be final
[20:06:53] [main/WARN]: @Final field field_14121:Lorg/slf4j/Logger; in surface.mixins.json:ServerPlayNetworkMixin from mod surface should be final
[20:06:55] [main/INFO]: Constructing common components for easyanvils:main
[20:06:55] [main/INFO]: Constructing common components for easymagic:main
[20:06:55] [main/INFO]: Channelling eldritch energies...
[20:06:56] [main/INFO]: Is initializing.
[20:06:56] [main/INFO]: Has successfully been initialized.
[20:06:56] [main/ERROR]: No data fixer registered for provoker
[20:06:56] [main/ERROR]: No data fixer registered for invoker
[20:06:56] [main/ERROR]: No data fixer registered for necromancer
[20:06:56] [main/ERROR]: No data fixer registered for basher
[20:06:56] [main/ERROR]: No data fixer registered for sorcerer
[20:06:56] [main/ERROR]: No data fixer registered for archivist
[20:06:56] [main/ERROR]: No data fixer registered for inquisitor
[20:06:56] [main/ERROR]: No data fixer registered for marauder
[20:06:56] [main/ERROR]: No data fixer registered for alchemist
[20:06:56] [main/ERROR]: No data fixer registered for firecaller
[20:06:56] [main/ERROR]: No data fixer registered for surrendered
[20:06:56] [main/ERROR]: No data fixer registered for invoker_fangs
[20:06:56] [main/ERROR]: No data fixer registered for flying_magma
[20:06:56] [main/INFO]: Constructing common components for illagerinvasion:main
[20:06:56] [main/INFO]: Initialize mod Library Ferret
[20:06:56] [main/INFO]: Initialized mod Library Ferret
[20:06:56] [main/ERROR]: No data fixer registered for mca:tombstone
[20:06:56] [main/ERROR]: No data fixer registered for mca:male_villager
[20:06:56] [main/ERROR]: No data fixer registered for mca:female_villager
[20:06:56] [main/ERROR]: No data fixer registered for mca:male_zombie_villager
[20:06:56] [main/ERROR]: No data fixer registered for mca:female_zombie_villager
[20:06:56] [main/ERROR]: No data fixer registered for mca:grim_reaper
[20:06:56] [main/ERROR]: No data fixer registered for mca:crib
[20:06:56] [main/INFO]: I bet DeetHunter will never see this one!
[20:06:56] [main/INFO]: Constructing common components for puzzleslib:main
[20:06:57] [main/INFO]: Loaded config supplementaries-common.json
[20:06:57] [main/INFO]: [STDOUT]: [minecraft:item/empty_slot_axe]
[20:06:57] [main/INFO]: [STDOUT]: [surface:item/empty_slot_scarab]
[20:06:57] [main/INFO]: [Surveyor] is not a map mod
[20:06:57] [main/INFO]: Registered region minecraft:overworld to index 0 for type OVERWORLD
[20:06:57] [main/INFO]: Registered region minecraft:nether to index 0 for type NETHER
[20:06:57] [main/INFO]: Registered region surface:overworld to index 1 for type OVERWORLD
[20:06:57] [main/INFO]: Constructing common components for visualworkbench:main
[20:06:57] [main/INFO]: [voicechat] Compatibility version 18
[20:06:57] [main/INFO]: [voicechat] Loading plugins
[20:06:57] [main/INFO]: [voicechat] Loaded 0 plugin(s)
[20:06:57] [main/INFO]: [voicechat] Initializing plugins
[20:06:57] [main/INFO]: [voicechat] Initialized 0 plugin(s)
[20:06:57] [main/INFO]: Reflections took 46 ms to scan 1 urls, producing 1 keys and 4 values
[20:06:57] [main/INFO]: Reflections took 5 ms to scan 1 urls, producing 1 keys and 4 values
[20:06:57] [main/INFO]: Initializing Distant Horizons server.
[20:06:58] [main/INFO]: Distant Horizons, Version: 2.3.0-b
[20:06:58] [main/INFO]: Registering Fabric Server Events
[20:06:58] [main/INFO]: Distant Horizons server Initialized.
[20:06:58] [main/INFO]: Initialized block sets in 13ms
[20:06:58] [main/ERROR]: No data fixer registered for dispenser_minecart
[20:06:58] [main/ERROR]: No data fixer registered for falling_urn
[20:06:58] [main/ERROR]: No data fixer registered for falling_ash
[20:06:58] [main/ERROR]: No data fixer registered for falling_sack
[20:06:58] [main/ERROR]: No data fixer registered for brick_projectile
[20:06:58] [main/ERROR]: No data fixer registered for slimeball_projectile
[20:06:58] [main/ERROR]: No data fixer registered for bomb
[20:06:58] [main/ERROR]: No data fixer registered for cannonball
[20:06:58] [main/ERROR]: No data fixer registered for rope_arrow
[20:06:58] [main/ERROR]: No data fixer registered for slingshot_projectile
[20:06:58] [main/INFO]: Loaded config moonlight-common.json
[20:06:58] [main/INFO]: Initialized color sets in 35ms
[20:06:58] [main/INFO]: Finished mod setup in: [0, 0, 0, 1, 0, 0, 12, 2, 0] ms
[20:06:58] [main/INFO]: Environment: authHost='https://authserver.mojang.com', accountsHost='https://api.mojang.com', sessionHost='https://sessionserver.mojang.com', servicesHost='https://api.minecraftservices.com', name='PROD'
[20:06:58] [main/WARN]: @Final field field_20325:Lorg/slf4j/Logger; in surface.mixins.json:ServerPlayerInteractionManagerMixin from mod surface should be final
[20:06:58] [main/INFO]: Generated runtime SERVER_DATA for pack Supplementaries Generated Pack (supplementaries) in: 28 ms
[20:06:59] [main/INFO]: [fabric-registry-sync] Loaded registry data [file 1/4]
[20:06:59] [main/ERROR]: Failed to decode value DataResult[Right[DynamicException[No key preset in MapLike[{biomes:[{biome:"minecraft:frozen_ocean",parameters:{continentalness:[-0.46f,-0.19f],depth:0.0f,erosion:[-1.0f,1.0f],humidity:[-1.0f,1.0f],offset:0.0f,temperature:[-1.0f,-0.45f],weirdness:[-1.0f,1.0f]}},{biome:"minecraft:cold_ocean",parameters:{continentalness:[-0.46f,-0.19f],depth:0.0f,erosion:[-1.0f,1.0f],humidity:[-1.0f,1.0f],offset:0.0f,temperature:[-0.45f,-0.25f],weirdness:[-1.0f,1.0f]}},{biome:"minecraft:lukewarm_ocean",parameters:{continentalness:[-0.46f,-0.19f],depth:0.0f,erosion:[-1.0f,1.0f],humidity:[-1.0f,1.0f],offset:0.0f,temperature:[-0.25f,0.1f],weirdness:[-1.0f,1.0f]}},{biome:"minecraft:ocean",parameters:{continentalness:[-0.46f,-0.19f],depth:0.0f,erosion:[-1.0f,1.0f],humidity:[-1.0f,1.0f],offset:0.0f,temperature:[0.1f,0.55f],weirdness:[-1.0f,1.0f]}},{biome:"minecraft:warm_ocean",parameters:{continentalness:[-1.05f,-0.19f],depth:0.0f,erosion:[-1.0f,1.0f],humidity:[-1.0f,1.0f],offset:0.0f,temperature:[0.55f,1.0f],weirdness:[-1.0f,1.0f]}},{biome:"minecraft:deep_frozen_ocean",parameters:{continentalness:[-1.05f,-0.46f],depth:0.0f,erosion:[-1.0f,1.0f],humidity:[-1.0f,1.0f],offset:0.0f,temperature:[-1.0f,-0.45f],weirdness:[-1.0f,1.0f]}},{biome:"minecraft:deep_cold_ocean",parameters:{continentalness:[-1.05f,-0.46f],depth:0.0f,erosion:[-1.0f,1.0f],humidity:[-1.0f,1.0f],offset:0.0f,temperature:[-0.45f,-0.25f],weirdness:[-1.0f,1.0f]}},{biome:"minecraft:deep_lukewarm_ocean",parameters:{continentalness:[-1.05f,-0.46f],depth:0.0f,erosion:[-1.0f,1.0f],humidity:[-1.0f,1.0f],offset:0.0f,temperature:[-0.25f,0.1f],weirdness:[-1.0f,1.0f]}},{biome:"minecraft:deep_ocean",parameters:{continentalness:[-1.05f,-0.46f],depth:0.0f,erosion:[-1.0f,1.0f],humidity:[-1.0f,1.0f],offset:0.0f,temperature:[0.1f,0.55f],weirdness:[-1.0f,1.0f]}},{biome:"minecraft:river",parameters:{continentalness:[-0.2f,1.0f],depth:0.0f,erosion:[-1.0f,1.0f],humidity:[-1.0f,1.0f],offset:0.0f,temperature:[-0.25f,1.0f],weirdness:[-0.02f,0.02f]}},{biome:"minecraft:frozen_river",parameters:{continentalness:[-0.2f,1.0f],depth:0.0f,erosion:[-1.0f,1.0f],humidity:[-1.0f,1.0f],offset:0.0f,temperature:[-1.0f,-0.25f],weirdness:[-0.02f,0.02f]}},{biome:"minecraft:beach",parameters:{continentalness:[-0.19f,-0.15f],depth:0.0f,erosion:[-1.0f,-0.5f],humidity:[-1.0f,1.0f],offset:0.0f,temperature:[-0.25f,1.0f],weirdness:[-1.0f,-0.05f]}},{biome:"minecraft:beach",parameters:{continentalness:[-0.19f,-0.15f],depth:0.0f,erosion:[-1.0f,-0.5f],humidity:[-1.0f,1.0f],offset:0.0f,temperature:[-0.25f,1.0f],weirdness:[0.05f,1.0f]}},{biome:"minecraft:stony_shore",parameters:{continentalness:[-0.17f,-0.15f],depth:0.0f,erosion:[-0.5f,1.0f],humidity:[-1.0f,1.0f],offset:0.0f,temperature:[-0.25f,1.0f],weirdness:[-1.0f,-0.05f]}},{biome:"minecraft:stony_shore",parameters:{continentalness:[-0.17f,-0.15f],depth:0.0f,erosion:[-0.5f,1.0f],humidity:[-1.0f,1.0f],offset:0.0f,temperature:[-0.25f,1.0f],weirdness:[0.05f,1.0f]}},{biome:"minecraft:snowy_beach",parameters:{continentalness:[-0.19f,-0.15f],depth:0.0f,erosion:[-1.0f,-0.5f],humidity:[-1.0f,1.0f],offset:0.0f,temperature:[-1.0f,-0.25f],weirdness:[-1.0f,-0.05f]}},{biome:"minecraft:snowy_beach",parameters:{continentalness:[-0.19f,-0.15f],depth:0.0f,erosion:[-1.0f,-0.5f],humidity:[-1.0f,1.0f],offset:0.0f,temperature:[-1.0f,-0.25f],weirdness:[0.05f,1.0f]}},{biome:"minecraft:snowy_slopes",parameters:{continentalness:[-0.19f,-0.15f],depth:0.0f,erosion:[-0.5f,1.0f],humidity:[-1.0f,1.0f],offset:0.0f,temperature:[-1.0f,-0.25f],weirdness:[-1.0f,-0.05f]}},{biome:"minecraft:snowy_slopes",parameters:{continentalness:[-0.19f,-0.15f],depth:0.0f,erosion:[-0.5f,1.0f],humidity:[-1.0f,1.0f],offset:0.0f,temperature:[-1.0f,-0.25f],weirdness:[0.05f,1.0f]}},{biome:"minecraft:savanna",parameters:{continentalness:[-0.15f,0.4f],depth:0.0f,erosion:[-1.0f,0.1f],humidity:[-1.0f,-0.45f],offset:0.0f,temperature:[0.55f,1.0f],weirdness:[-1.0f,-0.05f]}},{biome:"minecraft:savanna",parameters:{continentalness:[-0.15f,0.4f],depth:0.0f,erosion:[-1.0f,0.1f],humidity:[-1.0f,-0.45f],offset:0.0f,temperature:[0.55f,1.0f],weirdness:[0.05f,1.0f]}},{biome:"minecraft:savanna_plateau",parameters:{continentalness:[-0.15f,0.4f],depth:0.0f,erosion:[0.1f,0.7f],humidity:[-1.0f,-0.45f],offset:0.0f,temperature:[0.55f,1.0f],weirdness:[-1.0f,-0.05f]}},{biome:"minecraft:savanna_plateau",parameters:{continentalness:[-0.15f,0.4f],depth:0.0f,erosion:[0.1f,0.7f],humidity:[-1.0f,-0.45f],offset:0.0f,temperature:[0.55f,1.0f],weirdness:[0.05f,1.0f]}},{biome:"minecraft:sunflower_plains",parameters:{continentalness:[-0.15f,0.4f],depth:0.0f,erosion:[-1.0f,-0.5f],humidity:[-0.45f,-0.15f],offset:0.0f,temperature:[0.55f,1.0f],weirdness:[-1.0f,-0.05f]}},{biome:"minecraft:sunflower_plains",parameters:{continentalness:[-0.15f,0.4f],depth:0.0f,erosion:[-1.0f,-0.5f],humidity:[-0.45f,-0.15f],offset:0.0f,temperature:[0.55f,1.0f],weirdness:[0.05f,1.0f]}},{biome:"minecraft:savanna",parameters:{continentalness:[-0.15f,0.4f],depth:0.0f,erosion:[-0.5f,0.1f],humidity:[-0.45f,-0.15f],offset:0.0f,temperature:[0.55f,1.0f],weirdness:[-1.0f,-0.05f]}},{biome:"minecraft:savanna",parameters:{continentalness:[-0.15f,0.4f],depth:0.0f,erosion:[-0.5f,0.1f],humidity:[-0.45f,-0.15f],offset:0.0f,temperature:[0.55f,1.0f],weirdness:[0.05f,1.0f]}},{biome:"minecraft:windswept_savanna",parameters:{continentalness:[-0.15f,0.4f],depth:0.0f,erosion:[0.1f,0.7f],humidity:[-0.45f,-0.15f],offset:0.0f,temperature:[0.55f,1.0f],weirdness:[-1.0f,-0.05f]}},{biome:"minecraft:windswept_savanna",parameters:{continentalness:[-0.15f,0.4f],depth:0.0f,erosion:[0.1f,0.7f],humidity:[-0.45f,-0.15f],offset:0.0f,temperature:[0.55f,1.0f],weirdness:[0.05f,1.0f]}},{biome:"minecraft:sparse_jungle",parameters:{continentalness:[-0.15f,0.4f],depth:0.0f,erosion:[-1.0f,-0.5f],humidity:[-0.15f,0.2f],offset:0.0f,temperature:[0.55f,1.0f],weirdness:[-1.0f,-0.05f]}},{biome:"minecraft:sparse_jungle",parameters:{continentalness:[-0.15f,0.4f],depth:0.0f,erosion:[-1.0f,-0.5f],humidity:[-0.15f,0.2f],offset:0.0f,temperature:[0.55f,1.0f],weirdness:[0.05f,1.0f]}},{biome:"minecraft:bamboo_jungle",parameters:{continentalness:[-0.15f,0.4f],depth:0.0f,erosion:[-0.5f,0.7f],humidity:[-0.15f,0.2f],offset:0.0f,temperature:[0.55f,1.0f],weirdness:[-1.0f,-0.05f]}},{biome:"minecraft:bamboo_jungle",parameters:{continentalness:[-0.15f,0.4f],depth:0.0f,erosion:[-0.5f,0.7f],humidity:[-0.15f,0.2f],offset:0.0f,temperature:[0.55f,1.0f],weirdness:[0.05f,1.0f]}},{biome:"minecraft:jungle",parameters:{continentalness:[-0.15f,0.4f],depth:0.0f,erosion:[-1.0f,0.7f],humidity:[0.2f,0.55f],offset:0.0f,temperature:[0.55f,1.0f],weirdness:[-1.0f,-0.05f]}},{biome:"minecraft:jungle",parameters:{continentalness:[-0.15f,0.4f],depth:0.0f,erosion:[-1.0f,0.7f],humidity:[0.2f,0.55f],offset:0.0f,temperature:[0.55f,1.0f],weirdness:[0.05f,1.0f]}},{biome:"minecraft:mangrove_swamp",parameters:{continentalness:[-0.15f,0.4f],depth:0.0f,erosion:[-1.0f,-0.5f],humidity:[0.55f,1.0f],offset:0.0f,temperature:[0.55f,1.0f],weirdness:[-1.0f,-0.05f]}},{biome:"minecraft:mangrove_swamp",parameters:{continentalness:[-0.15f,0.4f],depth:0.0f,erosion:[-1.0f,-0.5f],humidity:[0.55f,1.0f],offset:0.0f,temperature:[0.55f,1.0f],weirdness:[0.05f,1.0f]}},{biome:"minecraft:jungle",parameters:{continentalness:[-0.15f,0.4f],depth:0.0f,erosion:[-0.5f,0.7f],humidity:[0.55f,1.0f],offset:0.0f,temperature:[0.55f,1.0f],weirdness:[-1.0f,-0.05f]}},{biome:"minecraft:jungle",parameters:{continentalness:[-0.15f,0.4f],depth:0.0f,erosion:[-0.5f,0.7f],humidity:[0.55f,1.0f],offset:0.0f,temperature:[0.55f,1.0f],weirdness:[0.05f,1.0f]}},{biome:"minecraft:plains",parameters:{continentalness:[-0.15f,0.4f],depth:0.0f,erosion:[-1.0f,-0.5f],humidity:[-1.0f,-0.45f],offset:0.0f,temperature:[0.1f,0.55f],weirdness:[-1.0f,-0.05f]}},{biome:"minecraft:plains",parameters:{continentalness:[-0.15f,0.4f],depth:0.0f,erosion:[-1.0f,-0.5f],humidity:[-1.0f,-0.45f],offset:0.0f,temperature:[0.1f,0.55f],weirdness:[0.05f,1.0f]}},{biome:"minecraft:forest",parameters:{continentalness:[-0.15f,0.4f],depth:0.0f,erosion:[-0.5f,0.7f],humidity:[-1.0f,-0.45f],offset:0.0f,temperature:[0.1f,0.55f],weirdness:[-1.0f,-0.05f]}},{biome:"minecraft:forest",parameters:{continentalness:[-0.15f,0.4f],depth:0.0f,erosion:[-0.5f,0.7f],humidity:[-1.0f,-0.45f],offset:0.0f,temperature:[0.1f,0.55f],weirdness:[0.05f,1.0f]}},{biome:"minecraft:plains",parameters:{continentalness:[-0.15f,0.4f],depth:0.0f,erosion:[-1.0f,-0.5f],humidity:[-0.45f,-0.15f],offset:0.0f,temperature:[0.1f,0.55f],weirdness:[-1.0f,-0.05f]}},{biome:"minecraft:plains",parameters:{continentalness:[-0.15f,0.4f],depth:0.0f,erosion:[-1.0f,-0.5f],humidity:[-0.45f,-0.15f],offset:0.0f,temperature:[0.1f,0.55f],weirdness:[0.05f,1.0f]}},{biome:"minecraft:forest",parameters:{continentalness:[-0.15f,0.4f],depth:0.0f,erosion:[-0.5f,0.1f],humidity:[-0.45f,-0.15f],offset:0.0f,temperature:[0.1f,0.55f],weirdness:[-1.0f,-0.05f]}},{biome:"minecraft:forest",parameters:{continentalness:[-0.15f,0.4f],depth:0.0f,erosion:[-0.5f,0.1f],humidity:[-0.45f,-0.15f],offset:0.0f,temperature:[0.1f,0.55f],weirdness:[0.05f,1.0f]}},{biome:"minecraft:old_growth_spruce_taiga",parameters:{continentalness:[-0.15f,0.4f],depth:0.0f,erosion:[0.1f,0.7f],humidity:[-0.45f,-0.15f],offset:0.0f,temperature:[0.1f,0.55f],weirdness:[-1.0f,-0.05f]}},{biome:"minecraft:old_growth_spruce_taiga",parameters:{continentalness:[-0.15f,0.4f],depth:0.0f,erosion:[0.1f,0.7f],humidity:[-0.45f,-0.15f],offset:0.0f,temperature:[0.1f,0.55f],weirdness:[0.05f,1.0f]}},{biome:"minecraft:birch_forest",parameters:{continentalness:[-0.15f,0.4f],depth:0.0f,erosion:[-1.0f,-0.5f],humidity:[-0.15f,0.2f],offset:0.0f,temperature:[0.1f,0.55f],weirdness:[-1.0f,-0.05f]}},{biome:"minecraft:birch_forest",parameters:{continentalness:[-0.15f,0.4f],depth:0.0f,erosion:[-1.0f,-0.5f],humidity:[-0.15f,0.2f],offset:0.0f,temperature:[0.1f,0.55f],weirdness:[0.05f,1.0f]}},{biome:"minecraft:old_growth_birch_forest",parameters:{continentalness:[-0.15f,0.4f],depth:0.0f,erosion:[-0.5f,0.1f],humidity:[-0.15f,0.2f],offset:0.0f,temperature:[0.1f,0.55f],weirdness:[-1.0f,-0.05f]}},{biome:"minecraft:old_growth_birch_forest",parameters:{continentalness:[-0.15f,0.4f],depth:0.0f,erosion:[-0.5f,0.1f],humidity:[-0.15f,0.2f],offset:0.0f,temperature:[0.1f,0.55f],weirdness:[0.05f,1.0f]}},{biome:"minecraft:old_growth_pine_taiga",parameters:{continentalness:[-0.15f,0.4f],depth:0.0f,erosion:[0.1f,0.7f],humidity:[-0.15f,0.2f],offset:0.0f,temperature:[0.1f,0.55f],weirdness:[-1.0f,-0.05f]}},{biome:"minecraft:old_growth_pine_taiga",parameters:{continentalness:[-0.15f,0.4f],depth:0.0f,erosion:[0.1f,0.7f],humidity:[-0.15f,0.2f],offset:0.0f,temperature:[0.1f,0.55f],weirdness:[0.05f,1.0f]}},{biome:"minecraft:flower_forest",parameters:{continentalness:[-0.15f,0.4f],depth:0.0f,erosion:[-1.0f,-0.5f],humidity:[0.2f,0.55f],offset:0.0f,temperature:[0.1f,0.55f],weirdness:[-1.0f,-0.05f]}},{biome:"minecraft:flower_forest",parameters:{continentalness:[-0.15f,0.4f],depth:0.0f,erosion:[-1.0f,-0.5f],humidity:[0.2f,0.55f],offset:0.0f,temperature:[0.1f,0.55f],weirdness:[0.05f,1.0f]}},{biome:"minecraft:birch_forest",parameters:{continentalness:[-0.15f,0.4f],depth:0.0f,erosion:[-0.5f,0.7f],humidity:[0.2f,0.55f],offset:0.0f,temperature:[0.1f,0.55f],weirdness:[-1.0f,-0.05f]}},{biome:"minecraft:birch_forest",parameters:{continentalness:[-0.15f,0.4f],depth:0.0f,erosion:[-0.5f,0.7f],humidity:[0.2f,0.55f],offset:0.0f,temperature:[0.1f,0.55f],weirdness:[0.05f,1.0f]}},{biome:"minecraft:dark_forest",parameters:{continentalness:[-0.15f,0.4f],depth:0.0f,erosion:[-1.0f,0.1f],humidity:[0.55f,1.0f],offset:0.0f,temperature:[0.1f,0.55f],weirdness:[-1.0f,-0.05f]}},{biome:"minecraft:dark_forest",parameters:{continentalness:[-0.15f,0.4f],depth:0.0f,erosion:[-1.0f,0.1f],humidity:[0.55f,1.0f],offset:0.0f,temperature:[0.1f,0.55f],weirdness:[0.05f,1.0f]}},{biome:"minecraft:flower_forest",parameters:{continentalness:[-0.15f,0.4f],depth:0.0f,erosion:[0.1f,0.7f],humidity:[0.55f,1.0f],offset:0.0f,temperature:[0.1f,0.55f],weirdness:[-1.0f,-0.05f]}},{biome:"minecraft:flower_forest",parameters:{continentalness:[-0.15f,0.4f],depth:0.0f,erosion:[0.1f,0.7f],humidity:[0.55f,1.0f],offset:0.0f,temperature:[0.1f,0.55f],weirdness:[0.05f,1.0f]}},{biome:"minecraft:meadow",parameters:{continentalness:[-0.15f,0.4f],depth:0.0f,erosion:[-1.0f,0.1f],humidity:[-1.0f,-0.45f],offset:0.0f,temperature:[-0.25f,0.1f],weirdness:[-1.0f,-0.05f]}},{biome:"minecraft:meadow",parameters:{continentalness:[-0.15f,0.4f],depth:0.0f,erosion:[-1.0f,0.1f],humidity:[-1.0f,-0.45f],offset:0.0f,temperature:[-0.25f,0.1f],weirdness:[0.05f,1.0f]}},{biome:"minecraft:cherry_grove",parameters:{continentalness:[-0.15f,0.4f],depth:0.0f,erosion:[0.1f,0.7f],humidity:[-1.0f,-0.45f],offset:0.0f,temperature:[-0.25f,0.1f],weirdness:[-1.0f,-0.05f]}},{biome:"minecraft:cherry_grove",parameters:{continentalness:[-0.15f,0.4f],depth:0.0f,erosion:[0.1f,0.7f],humidity:[-1.0f,-0.45f],offset:0.0f,temperature:[-0.25f,0.1f],weirdness:[0.05f,1.0f]}},{biome:"minecraft:cherry_grove",parameters:{continentalness:[-0.15f,0.4f],depth:0.0f,erosion:[-1.0f,-0.5f],humidity:[-0.45f,-0.15f],offset:0.0f,temperature:[-0.25f,0.1f],weirdness:[-1.0f,-0.05f]}},{biome:"minecraft:cherry_grove",parameters:{continentalness:[-0.15f,0.4f],depth:0.0f,erosion:[-1.0f,-0.5f],humidity:[-0.45f,-0.15f],offset:0.0f,temperature:[-0.25f,0.1f],weirdness:[0.05f,1.0f]}},{biome:"minecraft:windswept_hills",parameters:{continentalness:[-0.15f,0.4f],depth:0.0f,erosion:[-0.5f,0.1f],humidity:[-0.45f,-0.15f],offset:0.0f,temperature:[-0.25f,0.1f],weirdness:[-1.0f,-0.05f]}},{biome:"minecraft:windswept_hills",parameters:{continentalness:[-0.15f,0.4f],depth:0.0f,erosion:[-0.5f,0.1f],humidity:[-0.45f,-0.15f],offset:0.0f,temperature:[-0.25f,0.1f],weirdness:[0.05f,1.0f]}},{biome:"minecraft:windswept_gravelly_hills",parameters:{continentalness:[-0.15f,0.4f],depth:0.0f,erosion:[0.1f,0.7f],humidity:[-0.45f,-0.15f],offset:0.0f,temperature:[-0.25f,0.1f],weirdness:[-1.0f,-0.05f]}},{biome:"minecraft:windswept_gravelly_hills",parameters:{continentalness:[-0.15f,0.4f],depth:0.0f,erosion:[0.1f,0.7f],humidity:[-0.45f,-0.15f],offset:0.0f,temperature:[-0.25f,0.1f],weirdness:[0.05f,1.0f]}},{biome:"minecraft:taiga",parameters:{continentalness:[-0.15f,0.4f],depth:0.0f,erosion:[-1.0f,-0.5f],humidity:[-0.15f,0.2f],offset:0.0f,temperature:[-0.25f,0.1f],weirdness:[-1.0f,-0.05f]}},{biome:"minecraft:taiga",parameters:{continentalness:[-0.15f,0.4f],depth:0.0f,erosion:[-1.0f,-0.5f],humidity:[-0.15f,0.2f],offset:0.0f,temperature:[-0.25f,0.1f],weirdness:[0.05f,1.0f]}},{biome:"minecraft:windswept_forest",parameters:{continentalness:[-0.15f,0.4f],depth:0.0f,erosion:[-0.5f,0.7f],humidity:[-0.15f,0.2f],offset:0.0f,temperature:[-0.25f,0.1f],weirdness:[-1.0f,-0.05f]}},{biome:"minecraft:windswept_forest",parameters:{continentalness:[-0.15f,0.4f],depth:0.0f,erosion:[-0.5f,0.7f],humidity:[-0.15f,0.2f],offset:0.0f,temperature:[-0.25f,0.1f],weirdness:[0.05f,1.0f]}},{biome:"minecraft:plains",parameters:{continentalness:[-0.15f,0.4f],depth:0.0f,erosion:[-1.0f,-0.5f],humidity:[0.2f,0.55f],offset:0.0f,temperature:[-0.25f,0.1f],weirdness:[-1.0f,-0.05f]}},{biome:"minecraft:plains",parameters:{continentalness:[-0.15f,0.4f],depth:0.0f,erosion:[-1.0f,-0.5f],humidity:[0.2f,0.55f],offset:0.0f,temperature:[-0.25f,0.1f],weirdness:[-0.05f,1.0f]}},{biome:"minecraft:taiga",parameters:{continentalness:[-0.15f,0.4f],depth:0.0f,erosion:[-0.5f,0.7f],humidity:[0.2f,0.55f],offset:0.0f,temperature:[-0.25f,0.1f],weirdness:[-1.0f,-0.05f]}},{biome:"minecraft:taiga",parameters:{continentalness:[-0.15f,0.4f],depth:0.0f,erosion:[-0.5f,0.7f],humidity:[0.2f,0.55f],offset:0.0f,temperature:[-0.25f,0.1f],weirdness:[0.05f,1.0f]}},{biome:"minecraft:swamp",parameters:{continentalness:[-0.15f,0.4f],depth:0.0f,erosion:[-1.0f,-0.5f],humidity:[0.55f,1.0f],offset:0.0f,temperature:[-0.25f,0.1f],weirdness:[-1.0f,-0.05f]}},{biome:"minecraft:swamp",parameters:{continentalness:[-0.15f,0.4f],depth:0.0f,erosion:[-1.0f,-0.5f],humidity:[0.55f,1.0f],offset:0.0f,temperature:[-0.25f,0.1f],weirdness:[0.05f,1.0f]}},{biome:"minecraft:meadow",parameters:{continentalness:[-0.15f,0.4f],depth:0.0f,erosion:[-0.5f,0.1f],humidity:[0.55f,1.0f],offset:0.0f,temperature:[-0.25f,0.1f],weirdness:[-1.0f,-0.05f]}},{biome:"minecraft:meadow",parameters:{continentalness:[-0.15f,0.4f],depth:0.0f,erosion:[-0.5f,0.1f],humidity:[0.55f,1.0f],offset:0.0f,temperature:[-0.25f,0.1f],weirdness:[0.05f,1.0f]}},{biome:"minecraft:taiga",parameters:{continentalness:[-0.15f,0.4f],depth:0.0f,erosion:[0.1f,0.7f],humidity:[0.55f,1.0f],offset:0.0f,temperature:[-0.25f,0.1f],weirdness:[-1.0f,-0.05f]}},{biome:"minecraft:taiga",parameters:{continentalness:[-0.15f,0.4f],depth:0.0f,erosion:[0.1f,0.7f],humidity:[0.55f,1.0f],offset:0.0f,temperature:[-0.25f,0.1f],weirdness:[0.05f,1.0f]}},{biome:"minecraft:snowy_plains",parameters:{continentalness:[-0.15f,0.4f],depth:0.0f,erosion:[-1.0f,-0.5f],humidity:[-1.0f,-0.15f],offset:0.0f,temperature:[-0.45f,-0.25f],weirdness:[-1.0f,-0.05f]}},{biome:"minecraft:snowy_plains",parameters:{continentalness:[-0.15f,0.4f],depth:0.0f,erosion:[-1.0f,-0.5f],humidity:[-1.0f,-0.15f],offset:0.0f,temperature:[-0.45f,-0.25f],weirdness:[0.05f,1.0f]}},{biome:"minecraft:snowy_slopes",parameters:{continentalness:[-0.15f,0.4f],depth:0.0f,erosion:[-0.5f,0.7f],humidity:[-1.0f,-0.15f],offset:0.0f,temperature:[-0.45f,-0.25f],weirdness:[-1.0f,-0.05f]}},{biome:"minecraft:snowy_slopes",parameters:{continentalness:[-0.15f,0.4f],depth:0.0f,erosion:[-0.5f,0.7f],humidity:[-1.0f,-0.15f],offset:0.0f,temperature:[-0.45f,-0.25f],weirdness:[0.05f,1.0f]}},{biome:"minecraft:grove",parameters:{continentalness:[-0.15f,0.4f],depth:0.0f,erosion:[-1.0f,0.1f],humidity:[-0.15f,0.2f],offset:0.0f,temperature:[-0.45f,-0.25f],weirdness:[-1.0f,-0.05f]}},{biome:"minecraft:grove",parameters:{continentalness:[-0.15f,0.4f],depth:0.0f,erosion:[-1.0f,0.1f],humidity:[-0.15f,0.2f],offset:0.0f,temperature:[-0.45f,-0.25f],weirdness:[0.05f,1.0f]}},{biome:"minecraft:snowy_slopes",parameters:{continentalness:[-0.15f,0.4f],depth:0.0f,erosion:[0.1f,0.7f],humidity:[-0.15f,0.2f],offset:0.0f,temperature:[-0.45f,-0.25f],weirdness:[-1.0f,-0.05f]}},{biome:"minecraft:snowy_slopes",parameters:{continentalness:[-0.15f,0.4f],depth:0.0f,erosion:[0.1f,0.7f],humidity:[-0.15f,0.2f],offset:0.0f,temperature:[-0.45f,-0.25f],weirdness:[0.05f,1.0f]}},{biome:"minecraft:snowy_taiga",parameters:{continentalness:[-0.15f,0.4f],depth:0.0f,erosion:[-1.0f,-0.5f],humidity:[0.2f,0.55f],offset:0.0f,temperature:[-0.45f,-0.25f],weirdness:[-1.0f,-0.05f]}},{biome:"minecraft:snowy_taiga",parameters:{continentalness:[-0.15f,0.4f],depth:0.0f,erosion:[-1.0f,-0.5f],humidity:[0.2f,0.55f],offset:0.0f,temperature:[-0.45f,-0.25f],weirdness:[0.05f,1.0f]}},{biome:"minecraft:snowy_slopes",parameters:{continentalness:[-0.15f,0.4f],depth:0.0f,erosion:[-0.5f,0.7f],humidity:[0.2f,0.55f],offset:0.0f,temperature:[-0.45f,-0.25f],weirdness:[-1.0f,-0.05f]}},{biome:"minecraft:snowy_slopes",parameters:{continentalness:[-0.15f,0.4f],depth:0.0f,erosion:[-0.5f,0.7f],humidity:[0.2f,0.55f],offset:0.0f,temperature:[-0.45f,-0.25f],weirdness:[0.05f,1.0f]}},{biome:"minecraft:snowy_taiga",parameters:{continentalness:[-0.15f,0.4f],depth:0.0f,erosion:[-1.0f,0.7f],humidity:[0.55f,1.0f],offset:0.0f,temperature:[-0.45f,-0.25f],weirdness:[-1.0f,-0.05f]}},{biome:"minecraft:snowy_taiga",parameters:{continentalness:[-0.15f,0.4f],depth:0.0f,erosion:[-1.0f,0.7f],humidity:[0.55f,1.0f],offset:0.0f,temperature:[-0.45f,-0.25f],weirdness:[0.05f,1.0f]}},{biome:"minecraft:ice_spikes",parameters:{continentalness:[-0.15f,0.4f],depth:0.0f,erosion:[-1.0f,-0.5f],humidity:[-1.0f,0.2f],offset:0.0f,temperature:[-1.0f,-0.45f],weirdness:[-1.0f,-0.05f]}},{biome:"minecraft:ice_spikes",parameters:{continentalness:[-0.15f,0.4f],depth:0.0f,erosion:[-1.0f,-0.5f],humidity:[-1.0f,0.2f],offset:0.0f,temperature:[-1.0f,-0.45f],weirdness:[0.05f,1.0f]}},{biome:"minecraft:grove",parameters:{continentalness:[-0.15f,0.4f],depth:0.0f,erosion:[-1.0f,-0.5f],humidity:[0.2f,1.0f],offset:0.0f,temperature:[-1.0f,-0.45f],weirdness:[-1.0f,-0.05f]}},{biome:"minecraft:grove",parameters:{continentalness:[-0.15f,0.4f],depth:0.0f,erosion:[-1.0f,-0.5f],humidity:[0.2f,1.0f],offset:0.0f,temperature:[-1.0f,-0.45f],weirdness:[0.05f,1.0f]}},{biome:"minecraft:snowy_slopes",parameters:{continentalness:[-0.15f,0.4f],depth:0.0f,erosion:[-0.5f,0.7f],humidity:[-1.0f,1.0f],offset:0.0f,temperature:[-1.0f,-0.45f],weirdness:[-1.0f,-0.05f]}},{biome:"minecraft:snowy_slopes",parameters:{continentalness:[-0.15f,0.4f],depth:0.0f,erosion:[-0.5f,0.7f],humidity:[-1.0f,1.0f],offset:0.0f,temperature:[-1.0f,-0.45f],weirdness:[0.05f,1.0f]}},{biome:"minecraft:wooded_badlands",parameters:{continentalness:[0.4f,1.0f],depth:0.0f,erosion:[-1.0f,-0.5f],humidity:[0.2f,1.0f],offset:0.0f,temperature:[0.1f,1.0f],weirdness:[-1.0f,-0.05f]}},{biome:"minecraft:wooded_badlands",parameters:{continentalness:[0.4f,1.0f],depth:0.0f,erosion:[-1.0f,-0.5f],humidity:[0.2f,1.0f],offset:0.0f,temperature:[0.1f,1.0f],weirdness:[0.05f,1.0f]}},{biome:"minecraft:eroded_badlands",parameters:{continentalness:[0.4f,1.0f],depth:0.0f,erosion:[-1.0f,-0.5f],humidity:[-0.15f,0.2f],offset:0.0f,temperature:[0.1f,1.0f],weirdness:[-1.0f,-0.05f]}},{biome:"minecraft:eroded_badlands",parameters:{continentalness:[0.4f,1.0f],depth:0.0f,erosion:[-1.0f,-0.5f],humidity:[-0.15f,0.2f],offset:0.0f,temperature:[0.1f,1.0f],weirdness:[0.05f,1.0f]}},{biome:"minecraft:desert",parameters:{continentalness:[0.4f,1.0f],depth:0.0f,erosion:[-1.0f,-0.5f],humidity:[-1.0f,-0.15f],offset:0.0f,temperature:[0.1f,1.0f],weirdness:[-1.0f,-0.05f]}},{biome:"minecraft:desert",parameters:{continentalness:[0.4f,1.0f],depth:0.0f,erosion:[-1.0f,-0.5f],humidity:[-1.0f,-0.15f],offset:0.0f,temperature:[0.1f,1.0f],weirdness:[0.05f,1.0f]}},{biome:"minecraft:badlands",parameters:{continentalness:[0.4f,1.0f],depth:0.0f,erosion:[-0.5f,1.0f],humidity:[-1.0f,1.0f],offset:0.0f,temperature:[0.1f,1.0f],weirdness:[-1.0f,-0.05f]}},{biome:"minecraft:badlands",parameters:{continentalness:[0.4f,1.0f],depth:0.0f,erosion:[-0.5f,1.0f],humidity:[-1.0f,1.0f],offset:0.0f,temperature:[0.1f,1.0f],weirdness:[0.05f,1.0f]}},{biome:"minecraft:desert",parameters:{continentalness:[0.4f,1.0f],depth:0.0f,erosion:[-1.0f,-0.5f],humidity:[-1.0f,-0.15f],offset:0.0f,temperature:[-1.0f,0.1f],weirdness:[-1.0f,-0.05f]}},{biome:"minecraft:desert",parameters:{continentalness:[0.4f,1.0f],depth:0.0f,erosion:[-1.0f,-0.5f],humidity:[-1.0f,-0.15f],offset:0.0f,temperature:[-1.0f,0.1f],weirdness:[0.05f,1.0f]}},{biome:"minecraft:eroded_badlands",parameters:{continentalness:[0.4f,1.0f],depth:0.0f,erosion:[-1.0f,-0.5f],humidity:[-0.15f,1.0f],offset:0.0f,temperature:[-1.0f,0.1f],weirdness:[-1.0f,-0.05f]}},{biome:"minecraft:eroded_badlands",parameters:{continentalness:[0.4f,1.0f],depth:0.0f,erosion:[-1.0f,-0.5f],humidity:[-0.15f,1.0f],offset:0.0f,temperature:[-1.0f,0.1f],weirdness:[0.05f,1.0f]}},{biome:"minecraft:badlands",parameters:{continentalness:[0.4f,1.0f],depth:0.0f,erosion:[-0.5f,1.0f],humidity:[-1.0f,1.0f],offset:0.0f,temperature:[-1.0f,0.1f],weirdness:[-1.0f,-0.05f]}},{biome:"minecraft:badlands",parameters:{continentalness:[0.4f,1.0f],depth:0.0f,erosion:[-0.5f,1.0f],humidity:[-1.0f,1.0f],offset:0.0f,temperature:[-1.0f,0.1f],weirdness:[0.05f,1.0f]}},{biome:"minecraft:stony_peaks",parameters:{continentalness:[-0.16f,0.4f],depth:0.0f,erosion:[0.7f,1.0f],humidity:[-1.0f,1.0f],offset:0.0f,temperature:[0.1f,1.0f],weirdness:[-1.0f,-0.06f]}},{biome:"minecraft:stony_peaks",parameters:{continentalness:[-0.16f,0.4f],depth:0.0f,erosion:[0.7f,1.0f],humidity:[-1.0f,1.0f],offset:0.0f,temperature:[0.1f,1.0f],weirdness:[0.06f,1.0f]}},{biome:"etn:zenith_lake",parameters:{continentalness:[-0.16f,0.4f],depth:0.0f,erosion:[1.15f,1.5f],humidity:[-1.0f,1.0f],offset:0.0f,temperature:[-1.0f,1.0f],weirdness:[-1.0f,1.0f]}},{biome:"minecraft:jagged_peaks",parameters:{continentalness:[-0.16f,0.4f],depth:0.0f,erosion:[0.7f,1.0f],humidity:[-1.0f,-0.15f],offset:0.0f,temperature:[-0.45f,0.1f],weirdness:[-1.0f,-0.06f]}},{biome:"minecraft:stony_peaks",parameters:{continentalness:[-0.16f,0.4f],depth:0.0f,erosion:[0.7f,1.0f],humidity:[-0.15f,1.0f],offset:0.0f,temperature:[-0.45f,0.1f],weirdness:[-1.0f,-0.06f]}},{biome:"minecraft:jagged_peaks",parameters:{continentalness:[-0.16f,0.4f],depth:0.0f,erosion:[0.7f,1.0f],humidity:[-1.0f,-0.15f],offset:0.0f,temperature:[-0.45f,0.1f],weirdness:[0.06f,1.0f]}},{biome:"minecraft:stony_peaks",parameters:{continentalness:[-0.16f,0.4f],depth:0.0f,erosion:[0.7f,1.0f],humidity:[-0.15f,1.0f],offset:0.0f,temperature:[-0.45f,0.1f],weirdness:[0.06f,1.0f]}},{biome:"minecraft:frozen_peaks",parameters:{continentalness:[-0.16f,0.4f],depth:0.0f,erosion:[0.7f,1.0f],humidity:[-1.0f,1.0f],offset:0.0f,temperature:[-1.0f,-0.45f],weirdness:[-1.0f,-0.06f]}},{biome:"minecraft:frozen_peaks",parameters:{continentalness:[-0.16f,0.4f],depth:0.0f,erosion:[0.7f,1.0f],humidity:[-1.0f,1.0f],offset:0.0f,temperature:[-1.0f,-0.45f],weirdness:[0.06f,1.0f]}},{biome:"minecraft:lush_caves",parameters:{continentalness:[-1.0f,1.0f],depth:[0.1f,1.2f],erosion:[-1.0f,1.0f],humidity:[0.8f,1.0f],offset:0.0f,temperature:[-0.1f,0.5f],weirdness:[-1.0f,1.0f]}},{biome:"minecraft:dripstone_caves",parameters:{continentalness:[-1.0f,1.0f],depth:[0.3f,1.2f],erosion:[-1.0f,1.0f],humidity:[0.6f,1.0f],offset:0.0f,temperature:[0.5f,1.0f],weirdness:[-1.0f,1.0f]}},{biome:"minecraft:deep_dark",parameters:{continentalness:[-1.0f,0.0f],depth:[1.0f,2.0f],erosion:[-1.0f,-0.5f],humidity:[-0.5f,-0.4f],offset:0.0f,temperature:[0.9f,1.0f],weirdness:[-1.0f,0.0f]}},{biome:"minecraft:mushroom_fields",parameters:{continentalness:[-2.0f,-1.05f],depth:0.0f,erosion:[-1.0f,1.0f],humidity:[-1.0f,1.0f],offset:0.0f,temperature:[-1.0f,1.0f],weirdness:[-1.0f,1.0f]}}],type:"minecraft:multi_noise"}] Optional.empty]]] from ("minecraft:overworld", {generator:{biome_source:{biomes:[{biome:"minecraft:frozen_ocean",parameters:{continentalness:[-0.46f,-0.19f],depth:0.0f,erosion:[-1.0f,1.0f],humidity:[-1.0f,1.0f],offset:0.0f,temperature:[-1.0f,-0.45f],weirdness:[-1.0f,1.0f]}},{biome:"minecraft:cold_ocean",parameters:{continentalness:[-0.46f,-0.19f],depth:0.0f,erosion:[-1.0f,1.0f],humidity:[-1.0f,1.0f],offset:0.0f,temperature:[-0.45f,-0.25f],weirdness:[-1.0f,1.0f]}},{biome:"minecraft:lukewarm_ocean",parameters:{continentalness:[-0.46f,-0.19f],depth:0.0f,erosion:[-1.0f,1.0f],humidity:[-1.0f,1.0f],offset:0.0f,temperature:[-0.25f,0.1f],weirdness:[-1.0f,1.0f]}},{biome:"minecraft:ocean",parameters:{continentalness:[-0.46f,-0.19f],depth:0.0f,erosion:[-1.0f,1.0f],humidity:[-1.0f,1.0f],offset:0.0f,temperature:[0.1f,0.55f],weirdness:[-1.0f,1.0f]}},{biome:"minecraft:warm_ocean",parameters:{continentalness:[-1.05f,-0.19f],depth:0.0f,erosion:[-1.0f,1.0f],humidity:[-1.0f,1.0f],offset:0.0f,temperature:[0.55f,1.0f],weirdness:[-1.0f,1.0f]}},{biome:"minecraft:deep_frozen_ocean",parameters:{continentalness:[-1.05f,-0.46f],depth:0.0f,erosion:[-1.0f,1.0f],humidity:[-1.0f,1.0f],offset:0.0f,temperature:[-1.0f,-0.45f],weirdness:[-1.0f,1.0f]}},{biome:"minecraft:deep_cold_ocean",parameters:{continentalness:[-1.05f,-0.46f],depth:0.0f,erosion:[-1.0f,1.0f],humidity:[-1.0f,1.0f],offset:0.0f,temperature:[-0.45f,-0.25f],weirdness:[-1.0f,1.0f]}},{biome:"minecraft:deep_lukewarm_ocean",parameters:{continentalness:[-1.05f,-0.46f],depth:0.0f,erosion:[-1.0f,1.0f],humidity:[-1.0f,1.0f],offset:0.0f,temperature:[-0.25f,0.1f],weirdness:[-1.0f,1.0f]}},{biome:"minecraft:deep_ocean",parameters:{continentalness:[-1.05f,-0.46f],depth:0.0f,erosion:[-1.0f,1.0f],humidity:[-1.0f,1.0f],offset:0.0f,temperature:[0.1f,0.55f],weirdness:[-1.0f,1.0f]}},{biome:"minecraft:river",parameters:{continentalness:[-0.2f,1.0f],depth:0.0f,erosion:[-1.0f,1.0f],humidity:[-1.0f,1.0f],offset:0.0f,temperature:[-0.25f,1.0f],weirdness:[-0.02f,0.02f]}},{biome:"minecraft:frozen_river",parameters:{continentalness:[-0.2f,1.0f],depth:0.0f,erosion:[-1.0f,1.0f],humidity:[-1.0f,1.0f],offset:0.0f,temperature:[-1.0f,-0.25f],weirdness:[-0.02f,0.02f]}},{biome:"minecraft:beach",parameters:{continentalness:[-0.19f,-0.15f],depth:0.0f,erosion:[-1.0f,-0.5f],humidity:[-1.0f,1.0f],offset:0.0f,temperature:[-0.25f,1.0f],weirdness:[-1.0f,-0.05f]}},{biome:"minecraft:beach",parameters:{continentalness:[-0.19f,-0.15f],depth:0.0f,erosion:[-1.0f,-0.5f],humidity:[-1.0f,1.0f],offset:0.0f,temperature:[-0.25f,1.0f],weirdness:[0.05f,1.0f]}},{biome:"minecraft:stony_shore",parameters:{continentalness:[-0.17f,-0.15f],depth:0.0f,erosion:[-0.5f,1.0f],humidity:[-1.0f,1.0f],offset:0.0f,temperature:[-0.25f,1.0f],weirdness:[-1.0f,-0.05f]}},{biome:"minecraft:stony_shore",parameters:{continentalness:[-0.17f,-0.15f],depth:0.0f,erosion:[-0.5f,1.0f],humidity:[-1.0f,1.0f],offset:0.0f,temperature:[-0.25f,1.0f],weirdness:[0.05f,1.0f]}},{biome:"minecraft:snowy_beach",parameters:{continentalness:[-0.19f,-0.15f],depth:0.0f,erosion:[-1.0f,-0.5f],humidity:[-1.0f,1.0f],offset:0.0f,temperature:[-1.0f,-0.25f],weirdness:[-1.0f,-0.05f]}},{biome:"minecraft:snowy_beach",parameters:{continentalness:[-0.19f,-0.15f],depth:0.0f,erosion:[-1.0f,-0.5f],humidity:[-1.0f,1.0f],offset:0.0f,temperature:[-1.0f,-0.25f],weirdness:[0.05f,1.0f]}},{biome:"minecraft:snowy_slopes",parameters:{continentalness:[-0.19f,-0.15f],depth:0.0f,erosion:[-0.5f,1.0f],humidity:[-1.0f,1.0f],offset:0.0f,temperature:[-1.0f,-0.25f],weirdness:[-1.0f,-0.05f]}},{biome:"minecraft:snowy_slopes",parameters:{continentalness:[-0.19f,-0.15f],depth:0.0f,erosion:[-0.5f,1.0f],humidity:[-1.0f,1.0f],offset:0.0f,temperature:[-1.0f,-0.25f],weirdness:[0.05f,1.0f]}},{biome:"minecraft:savanna",parameters:{continentalness:[-0.15f,0.4f],depth:0.0f,erosion:[-1.0f,0.1f],humidity:[-1.0f,-0.45f],offset:0.0f,temperature:[0.55f,1.0f],weirdness:[-1.0f,-0.05f]}},{biome:"minecraft:savanna",parameters:{continentalness:[-0.15f,0.4f],depth:0.0f,erosion:[-1.0f,0.1f],humidity:[-1.0f,-0.45f],offset:0.0f,temperature:[0.55f,1.0f],weirdness:[0.05f,1.0f]}},{biome:"minecraft:savanna_plateau",parameters:{continentalness:[-0.15f,0.4f],depth:0.0f,erosion:[0.1f,0.7f],humidity:[-1.0f,-0.45f],offset:0.0f,temperature:[0.55f,1.0f],weirdness:[-1.0f,-0.05f]}},{biome:"minecraft:savanna_plateau",parameters:{continentalness:[-0.15f,0.4f],depth:0.0f,erosion:[0.1f,0.7f],humidity:[-1.0f,-0.45f],offset:0.0f,temperature:[0.55f,1.0f],weirdness:[0.05f,1.0f]}},{biome:"minecraft:sunflower_plains",parameters:{continentalness:[-0.15f,0.4f],depth:0.0f,erosion:[-1.0f,-0.5f],humidity:[-0.45f,-0.15f],offset:0.0f,temperature:[0.55f,1.0f],weirdness:[-1.0f,-0.05f]}},{biome:"minecraft:sunflower_plains",parameters:{continentalness:[-0.15f,0.4f],depth:0.0f,erosion:[-1.0f,-0.5f],humidity:[-0.45f,-0.15f],offset:0.0f,temperature:[0.55f,1.0f],weirdness:[0.05f,1.0f]}},{biome:"minecraft:savanna",parameters:{continentalness:[-0.15f,0.4f],depth:0.0f,erosion:[-0.5f,0.1f],humidity:[-0.45f,-0.15f],offset:0.0f,temperature:[0.55f,1.0f],weirdness:[-1.0f,-0.05f]}},{biome:"minecraft:savanna",parameters:{continentalness:[-0.15f,0.4f],depth:0.0f,erosion:[-0.5f,0.1f],humidity:[-0.45f,-0.15f],offset:0.0f,temperature:[0.55f,1.0f],weirdness:[0.05f,1.0f]}},{biome:"minecraft:windswept_savanna",parameters:{continentalness:[-0.15f,0.4f],depth:0.0f,erosion:[0.1f,0.7f],humidity:[-0.45f,-0.15f],offset:0.0f,temperature:[0.55f,1.0f],weirdness:[-1.0f,-0.05f]}},{biome:"minecraft:windswept_savanna",parameters:{continentalness:[-0.15f,0.4f],depth:0.0f,erosion:[0.1f,0.7f],humidity:[-0.45f,-0.15f],offset:0.0f,temperature:[0.55f,1.0f],weirdness:[0.05f,1.0f]}},{biome:"minecraft:sparse_jungle",parameters:{continentalness:[-0.15f,0.4f],depth:0.0f,erosion:[-1.0f,-0.5f],humidity:[-0.15f,0.2f],offset:0.0f,temperature:[0.55f,1.0f],weirdness:[-1.0f,-0.05f]}},{biome:"minecraft:sparse_jungle",parameters:{continentalness:[-0.15f,0.4f],depth:0.0f,erosion:[-1.0f,-0.5f],humidity:[-0.15f,0.2f],offset:0.0f,temperature:[0.55f,1.0f],weirdness:[0.05f,1.0f]}},{biome:"minecraft:bamboo_jungle",parameters:{continentalness:[-0.15f,0.4f],depth:0.0f,erosion:[-0.5f,0.7f],humidity:[-0.15f,0.2f],offset:0.0f,temperature:[0.55f,1.0f],weirdness:[-1.0f,-0.05f]}},{biome:"minecraft:bamboo_jungle",parameters:{continentalness:[-0.15f,0.4f],depth:0.0f,erosion:[-0.5f,0.7f],humidity:[-0.15f,0.2f],offset:0.0f,temperature:[0.55f,1.0f],weirdness:[0.05f,1.0f]}},{biome:"minecraft:jungle",parameters:{continentalness:[-0.15f,0.4f],depth:0.0f,erosion:[-1.0f,0.7f],humidity:[0.2f,0.55f],offset:0.0f,temperature:[0.55f,1.0f],weirdness:[-1.0f,-0.05f]}},{biome:"minecraft:jungle",parameters:{continentalness:[-0.15f,0.4f],depth:0.0f,erosion:[-1.0f,0.7f],humidity:[0.2f,0.55f],offset:0.0f,temperature:[0.55f,1.0f],weirdness:[0.05f,1.0f]}},{biome:"minecraft:mangrove_swamp",parameters:{continentalness:[-0.15f,0.4f],depth:0.0f,erosion:[-1.0f,-0.5f],humidity:[0.55f,1.0f],offset:0.0f,temperature:[0.55f,1.0f],weirdness:[-1.0f,-0.05f]}},{biome:"minecraft:mangrove_swamp",parameters:{continentalness:[-0.15f,0.4f],depth:0.0f,erosion:[-1.0f,-0.5f],humidity:[0.55f,1.0f],offset:0.0f,temperature:[0.55f,1.0f],weirdness:[0.05f,1.0f]}},{biome:"minecraft:jungle",parameters:{continentalness:[-0.15f,0.4f],depth:0.0f,erosion:[-0.5f,0.7f],humidity:[0.55f,1.0f],offset:0.0f,temperature:[0.55f,1.0f],weirdness:[-1.0f,-0.05f]}},{biome:"minecraft:jungle",parameters:{continentalness:[-0.15f,0.4f],depth:0.0f,erosion:[-0.5f,0.7f],humidity:[0.55f,1.0f],offset:0.0f,temperature:[0.55f,1.0f],weirdness:[0.05f,1.0f]}},{biome:"minecraft:plains",parameters:{continentalness:[-0.15f,0.4f],depth:0.0f,erosion:[-1.0f,-0.5f],humidity:[-1.0f,-0.45f],offset:0.0f,temperature:[0.1f,0.55f],weirdness:[-1.0f,-0.05f]}},{biome:"minecraft:plains",parameters:{continentalness:[-0.15f,0.4f],depth:0.0f,erosion:[-1.0f,-0.5f],humidity:[-1.0f,-0.45f],offset:0.0f,temperature:[0.1f,0.55f],weirdness:[0.05f,1.0f]}},{biome:"minecraft:forest",parameters:{continentalness:[-0.15f,0.4f],depth:0.0f,erosion:[-0.5f,0.7f],humidity:[-1.0f,-0.45f],offset:0.0f,temperature:[0.1f,0.55f],weirdness:[-1.0f,-0.05f]}},{biome:"minecraft:forest",parameters:{continentalness:[-0.15f,0.4f],depth:0.0f,erosion:[-0.5f,0.7f],humidity:[-1.0f,-0.45f],offset:0.0f,temperature:[0.1f,0.55f],weirdness:[0.05f,1.0f]}},{biome:"minecraft:plains",parameters:{continentalness:[-0.15f,0.4f],depth:0.0f,erosion:[-1.0f,-0.5f],humidity:[-0.45f,-0.15f],offset:0.0f,temperature:[0.1f,0.55f],weirdness:[-1.0f,-0.05f]}},{biome:"minecraft:plains",parameters:{continentalness:[-0.15f,0.4f],depth:0.0f,erosion:[-1.0f,-0.5f],humidity:[-0.45f,-0.15f],offset:0.0f,temperature:[0.1f,0.55f],weirdness:[0.05f,1.0f]}},{biome:"minecraft:forest",parameters:{continentalness:[-0.15f,0.4f],depth:0.0f,erosion:[-0.5f,0.1f],humidity:[-0.45f,-0.15f],offset:0.0f,temperature:[0.1f,0.55f],weirdness:[-1.0f,-0.05f]}},{biome:"minecraft:forest",parameters:{continentalness:[-0.15f,0.4f],depth:0.0f,erosion:[-0.5f,0.1f],humidity:[-0.45f,-0.15f],offset:0.0f,temperature:[0.1f,0.55f],weirdness:[0.05f,1.0f]}},{biome:"minecraft:old_growth_spruce_taiga",parameters:{continentalness:[-0.15f,0.4f],depth:0.0f,erosion:[0.1f,0.7f],humidity:[-0.45f,-0.15f],offset:0.0f,temperature:[0.1f,0.55f],weirdness:[-1.0f,-0.05f]}},{biome:"minecraft:old_growth_spruce_taiga",parameters:{continentalness:[-0.15f,0.4f],depth:0.0f,erosion:[0.1f,0.7f],humidity:[-0.45f,-0.15f],offset:0.0f,temperature:[0.1f,0.55f],weirdness:[0.05f,1.0f]}},{biome:"minecraft:birch_forest",parameters:{continentalness:[-0.15f,0.4f],depth:0.0f,erosion:[-1.0f,-0.5f],humidity:[-0.15f,0.2f],offset:0.0f,temperature:[0.1f,0.55f],weirdness:[-1.0f,-0.05f]}},{biome:"minecraft:birch_forest",parameters:{continentalness:[-0.15f,0.4f],depth:0.0f,erosion:[-1.0f,-0.5f],humidity:[-0.15f,0.2f],offset:0.0f,temperature:[0.1f,0.55f],weirdness:[0.05f,1.0f]}},{biome:"minecraft:old_growth_birch_forest",parameters:{continentalness:[-0.15f,0.4f],depth:0.0f,erosion:[-0.5f,0.1f],humidity:[-0.15f,0.2f],offset:0.0f,temperature:[0.1f,0.55f],weirdness:[-1.0f,-0.05f]}},{biome:"minecraft:old_growth_birch_forest",parameters:{continentalness:[-0.15f,0.4f],depth:0.0f,erosion:[-0.5f,0.1f],humidity:[-0.15f,0.2f],offset:0.0f,temperature:[0.1f,0.55f],weirdness:[0.05f,1.0f]}},{biome:"minecraft:old_growth_pine_taiga",parameters:{continentalness:[-0.15f,0.4f],depth:0.0f,erosion:[0.1f,0.7f],humidity:[-0.15f,0.2f],offset:0.0f,temperature:[0.1f,0.55f],weirdness:[-1.0f,-0.05f]}},{biome:"minecraft:old_growth_pine_taiga",parameters:{continentalness:[-0.15f,0.4f],depth:0.0f,erosion:[0.1f,0.7f],humidity:[-0.15f,0.2f],offset:0.0f,temperature:[0.1f,0.55f],weirdness:[0.05f,1.0f]}},{biome:"minecraft:flower_forest",parameters:{continentalness:[-0.15f,0.4f],depth:0.0f,erosion:[-1.0f,-0.5f],humidity:[0.2f,0.55f],offset:0.0f,temperature:[0.1f,0.55f],weirdness:[-1.0f,-0.05f]}},{biome:"minecraft:flower_forest",parameters:{continentalness:[-0.15f,0.4f],depth:0.0f,erosion:[-1.0f,-0.5f],humidity:[0.2f,0.55f],offset:0.0f,temperature:[0.1f,0.55f],weirdness:[0.05f,1.0f]}},{biome:"minecraft:birch_forest",parameters:{continentalness:[-0.15f,0.4f],depth:0.0f,erosion:[-0.5f,0.7f],humidity:[0.2f,0.55f],offset:0.0f,temperature:[0.1f,0.55f],weirdness:[-1.0f,-0.05f]}},{biome:"minecraft:birch_forest",parameters:{continentalness:[-0.15f,0.4f],depth:0.0f,erosion:[-0.5f,0.7f],humidity:[0.2f,0.55f],offset:0.0f,temperature:[0.1f,0.55f],weirdness:[0.05f,1.0f]}},{biome:"minecraft:dark_forest",parameters:{continentalness:[-0.15f,0.4f],depth:0.0f,erosion:[-1.0f,0.1f],humidity:[0.55f,1.0f],offset:0.0f,temperature:[0.1f,0.55f],weirdness:[-1.0f,-0.05f]}},{biome:"minecraft:dark_forest",parameters:{continentalness:[-0.15f,0.4f],depth:0.0f,erosion:[-1.0f,0.1f],humidity:[0.55f,1.0f],offset:0.0f,temperature:[0.1f,0.55f],weirdness:[0.05f,1.0f]}},{biome:"minecraft:flower_forest",parameters:{continentalness:[-0.15f,0.4f],depth:0.0f,erosion:[0.1f,0.7f],humidity:[0.55f,1.0f],offset:0.0f,temperature:[0.1f,0.55f],weirdness:[-1.0f,-0.05f]}},{biome:"minecraft:flower_forest",parameters:{continentalness:[-0.15f,0.4f],depth:0.0f,erosion:[0.1f,0.7f],humidity:[0.55f,1.0f],offset:0.0f,temperature:[0.1f,0.55f],weirdness:[0.05f,1.0f]}},{biome:"minecraft:meadow",parameters:{continentalness:[-0.15f,0.4f],depth:0.0f,erosion:[-1.0f,0.1f],humidity:[-1.0f,-0.45f],offset:0.0f,temperature:[-0.25f,0.1f],weirdness:[-1.0f,-0.05f]}},{biome:"minecraft:meadow",parameters:{continentalness:[-0.15f,0.4f],depth:0.0f,erosion:[-1.0f,0.1f],humidity:[-1.0f,-0.45f],offset:0.0f,temperature:[-0.25f,0.1f],weirdness:[0.05f,1.0f]}},{biome:"minecraft:cherry_grove",parameters:{continentalness:[-0.15f,0.4f],depth:0.0f,erosion:[0.1f,0.7f],humidity:[-1.0f,-0.45f],offset:0.0f,temperature:[-0.25f,0.1f],weirdness:[-1.0f,-0.05f]}},{biome:"minecraft:cherry_grove",parameters:{continentalness:[-0.15f,0.4f],depth:0.0f,erosion:[0.1f,0.7f],humidity:[-1.0f,-0.45f],offset:0.0f,temperature:[-0.25f,0.1f],weirdness:[0.05f,1.0f]}},{biome:"minecraft:cherry_grove",parameters:{continentalness:[-0.15f,0.4f],depth:0.0f,erosion:[-1.0f,-0.5f],humidity:[-0.45f,-0.15f],offset:0.0f,temperature:[-0.25f,0.1f],weirdness:[-1.0f,-0.05f]}},{biome:"minecraft:cherry_grove",parameters:{continentalness:[-0.15f,0.4f],depth:0.0f,erosion:[-1.0f,-0.5f],humidity:[-0.45f,-0.15f],offset:0.0f,temperature:[-0.25f,0.1f],weirdness:[0.05f,1.0f]}},{biome:"minecraft:windswept_hills",parameters:{continentalness:[-0.15f,0.4f],depth:0.0f,erosion:[-0.5f,0.1f],humidity:[-0.45f,-0.15f],offset:0.0f,temperature:[-0.25f,0.1f],weirdness:[-1.0f,-0.05f]}},{biome:"minecraft:windswept_hills",parameters:{continentalness:[-0.15f,0.4f],depth:0.0f,erosion:[-0.5f,0.1f],humidity:[-0.45f,-0.15f],offset:0.0f,temperature:[-0.25f,0.1f],weirdness:[0.05f,1.0f]}},{biome:"minecraft:windswept_gravelly_hills",parameters:{continentalness:[-0.15f,0.4f],depth:0.0f,erosion:[0.1f,0.7f],humidity:[-0.45f,-0.15f],offset:0.0f,temperature:[-0.25f,0.1f],weirdness:[-1.0f,-0.05f]}},{biome:"minecraft:windswept_gravelly_hills",parameters:{continentalness:[-0.15f,0.4f],depth:0.0f,erosion:[0.1f,0.7f],humidity:[-0.45f,-0.15f],offset:0.0f,temperature:[-0.25f,0.1f],weirdness:[0.05f,1.0f]}},{biome:"minecraft:taiga",parameters:{continentalness:[-0.15f,0.4f],depth:0.0f,erosion:[-1.0f,-0.5f],humidity:[-0.15f,0.2f],offset:0.0f,temperature:[-0.25f,0.1f],weirdness:[-1.0f,-0.05f]}},{biome:"minecraft:taiga",parameters:{continentalness:[-0.15f,0.4f],depth:0.0f,erosion:[-1.0f,-0.5f],humidity:[-0.15f,0.2f],offset:0.0f,temperature:[-0.25f,0.1f],weirdness:[0.05f,1.0f]}},{biome:"minecraft:windswept_forest",parameters:{continentalness:[-0.15f,0.4f],depth:0.0f,erosion:[-0.5f,0.7f],humidity:[-0.15f,0.2f],offset:0.0f,temperature:[-0.25f,0.1f],weirdness:[-1.0f,-0.05f]}},{biome:"minecraft:windswept_forest",parameters:{continentalness:[-0.15f,0.4f],depth:0.0f,erosion:[-0.5f,0.7f],humidity:[-0.15f,0.2f],offset:0.0f,temperature:[-0.25f,0.1f],weirdness:[0.05f,1.0f]}},{biome:"minecraft:plains",parameters:{continentalness:[-0.15f,0.4f],depth:0.0f,erosion:[-1.0f,-0.5f],humidity:[0.2f,0.55f],offset:0.0f,temperature:[-0.25f,0.1f],weirdness:[-1.0f,-0.05f]}},{biome:"minecraft:plains",parameters:{continentalness:[-0.15f,0.4f],depth:0.0f,erosion:[-1.0f,-0.5f],humidity:[0.2f,0.55f],offset:0.0f,temperature:[-0.25f,0.1f],weirdness:[-0.05f,1.0f]}},{biome:"minecraft:taiga",parameters:{continentalness:[-0.15f,0.4f],depth:0.0f,erosion:[-0.5f,0.7f],humidity:[0.2f,0.55f],offset:0.0f,temperature:[-0.25f,0.1f],weirdness:[-1.0f,-0.05f]}},{biome:"minecraft:taiga",parameters:{continentalness:[-0.15f,0.4f],depth:0.0f,erosion:[-0.5f,0.7f],humidity:[0.2f,0.55f],offset:0.0f,temperature:[-0.25f,0.1f],weirdness:[0.05f,1.0f]}},{biome:"minecraft:swamp",parameters:{continentalness:[-0.15f,0.4f],depth:0.0f,erosion:[-1.0f,-0.5f],humidity:[0.55f,1.0f],offset:0.0f,temperature:[-0.25f,0.1f],weirdness:[-1.0f,-0.05f]}},{biome:"minecraft:swamp",parameters:{continentalness:[-0.15f,0.4f],depth:0.0f,erosion:[-1.0f,-0.5f],humidity:[0.55f,1.0f],offset:0.0f,temperature:[-0.25f,0.1f],weirdness:[0.05f,1.0f]}},{biome:"minecraft:meadow",parameters:{continentalness:[-0.15f,0.4f],depth:0.0f,erosion:[-0.5f,0.1f],humidity:[0.55f,1.0f],offset:0.0f,temperature:[-0.25f,0.1f],weirdness:[-1.0f,-0.05f]}},{biome:"minecraft:meadow",parameters:{continentalness:[-0.15f,0.4f],depth:0.0f,erosion:[-0.5f,0.1f],humidity:[0.55f,1.0f],offset:0.0f,temperature:[-0.25f,0.1f],weirdness:[0.05f,1.0f]}},{biome:"minecraft:taiga",parameters:{continentalness:[-0.15f,0.4f],depth:0.0f,erosion:[0.1f,0.7f],humidity:[0.55f,1.0f],offset:0.0f,temperature:[-0.25f,0.1f],weirdness:[-1.0f,-0.05f]}},{biome:"minecraft:taiga",parameters:{continentalness:[-0.15f,0.4f],depth:0.0f,erosion:[0.1f,0.7f],humidity:[0.55f,1.0f],offset:0.0f,temperature:[-0.25f,0.1f],weirdness:[0.05f,1.0f]}},{biome:"minecraft:snowy_plains",parameters:{continentalness:[-0.15f,0.4f],depth:0.0f,erosion:[-1.0f,-0.5f],humidity:[-1.0f,-0.15f],offset:0.0f,temperature:[-0.45f,-0.25f],weirdness:[-1.0f,-0.05f]}},{biome:"minecraft:snowy_plains",parameters:{continentalness:[-0.15f,0.4f],depth:0.0f,erosion:[-1.0f,-0.5f],humidity:[-1.0f,-0.15f],offset:0.0f,temperature:[-0.45f,-0.25f],weirdness:[0.05f,1.0f]}},{biome:"minecraft:snowy_slopes",parameters:{continentalness:[-0.15f,0.4f],depth:0.0f,erosion:[-0.5f,0.7f],humidity:[-1.0f,-0.15f],offset:0.0f,temperature:[-0.45f,-0.25f],weirdness:[-1.0f,-0.05f]}},{biome:"minecraft:snowy_slopes",parameters:{continentalness:[-0.15f,0.4f],depth:0.0f,erosion:[-0.5f,0.7f],humidity:[-1.0f,-0.15f],offset:0.0f,temperature:[-0.45f,-0.25f],weirdness:[0.05f,1.0f]}},{biome:"minecraft:grove",parameters:{continentalness:[-0.15f,0.4f],depth:0.0f,erosion:[-1.0f,0.1f],humidity:[-0.15f,0.2f],offset:0.0f,temperature:[-0.45f,-0.25f],weirdness:[-1.0f,-0.05f]}},{biome:"minecraft:grove",parameters:{continentalness:[-0.15f,0.4f],depth:0.0f,erosion:[-1.0f,0.1f],humidity:[-0.15f,0.2f],offset:0.0f,temperature:[-0.45f,-0.25f],weirdness:[0.05f,1.0f]}},{biome:"minecraft:snowy_slopes",parameters:{continentalness:[-0.15f,0.4f],depth:0.0f,erosion:[0.1f,0.7f],humidity:[-0.15f,0.2f],offset:0.0f,temperature:[-0.45f,-0.25f],weirdness:[-1.0f,-0.05f]}},{biome:"minecraft:snowy_slopes",parameters:{continentalness:[-0.15f,0.4f],depth:0.0f,erosion:[0.1f,0.7f],humidity:[-0.15f,0.2f],offset:0.0f,temperature:[-0.45f,-0.25f],weirdness:[0.05f,1.0f]}},{biome:"minecraft:snowy_taiga",parameters:{continentalness:[-0.15f,0.4f],depth:0.0f,erosion:[-1.0f,-0.5f],humidity:[0.2f,0.55f],offset:0.0f,temperature:[-0.45f,-0.25f],weirdness:[-1.0f,-0.05f]}},{biome:"minecraft:snowy_taiga",parameters:{continentalness:[-0.15f,0.4f],depth:0.0f,erosion:[-1.0f,-0.5f],humidity:[0.2f,0.55f],offset:0.0f,temperature:[-0.45f,-0.25f],weirdness:[0.05f,1.0f]}},{biome:"minecraft:snowy_slopes",parameters:{continentalness:[-0.15f,0.4f],depth:0.0f,erosion:[-0.5f,0.7f],humidity:[0.2f,0.55f],offset:0.0f,temperature:[-0.45f,-0.25f],weirdness:[-1.0f,-0.05f]}},{biome:"minecraft:snowy_slopes",parameters:{continentalness:[-0.15f,0.4f],depth:0.0f,erosion:[-0.5f,0.7f],humidity:[0.2f,0.55f],offset:0.0f,temperature:[-0.45f,-0.25f],weirdness:[0.05f,1.0f]}},{biome:"minecraft:snowy_taiga",parameters:{continentalness:[-0.15f,0.4f],depth:0.0f,erosion:[-1.0f,0.7f],humidity:[0.55f,1.0f],offset:0.0f,temperature:[-0.45f,-0.25f],weirdness:[-1.0f,-0.05f]}},{biome:"minecraft:snowy_taiga",parameters:{continentalness:[-0.15f,0.4f],depth:0.0f,erosion:[-1.0f,0.7f],humidity:[0.55f,1.0f],offset:0.0f,temperature:[-0.45f,-0.25f],weirdness:[0.05f,1.0f]}},{biome:"minecraft:ice_spikes",parameters:{continentalness:[-0.15f,0.4f],depth:0.0f,erosion:[-1.0f,-0.5f],humidity:[-1.0f,0.2f],offset:0.0f,temperature:[-1.0f,-0.45f],weirdness:[-1.0f,-0.05f]}},{biome:"minecraft:ice_spikes",parameters:{continentalness:[-0.15f,0.4f],depth:0.0f,erosion:[-1.0f,-0.5f],humidity:[-1.0f,0.2f],offset:0.0f,temperature:[-1.0f,-0.45f],weirdness:[0.05f,1.0f]}},{biome:"minecraft:grove",parameters:{continentalness:[-0.15f,0.4f],depth:0.0f,erosion:[-1.0f,-0.5f],humidity:[0.2f,1.0f],offset:0.0f,temperature:[-1.0f,-0.45f],weirdness:[-1.0f,-0.05f]}},{biome:"minecraft:grove",parameters:{continentalness:[-0.15f,0.4f],depth:0.0f,erosion:[-1.0f,-0.5f],humidity:[0.2f,1.0f],offset:0.0f,temperature:[-1.0f,-0.45f],weirdness:[0.05f,1.0f]}},{biome:"minecraft:snowy_slopes",parameters:{continentalness:[-0.15f,0.4f],depth:0.0f,erosion:[-0.5f,0.7f],humidity:[-1.0f,1.0f],offset:0.0f,temperature:[-1.0f,-0.45f],weirdness:[-1.0f,-0.05f]}},{biome:"minecraft:snowy_slopes",parameters:{continentalness:[-0.15f,0.4f],depth:0.0f,erosion:[-0.5f,0.7f],humidity:[-1.0f,1.0f],offset:0.0f,temperature:[-1.0f,-0.45f],weirdness:[0.05f,1.0f]}},{biome:"minecraft:wooded_badlands",parameters:{continentalness:[0.4f,1.0f],depth:0.0f,erosion:[-1.0f,-0.5f],humidity:[0.2f,1.0f],offset:0.0f,temperature:[0.1f,1.0f],weirdness:[-1.0f,-0.05f]}},{biome:"minecraft:wooded_badlands",parameters:{continentalness:[0.4f,1.0f],depth:0.0f,erosion:[-1.0f,-0.5f],humidity:[0.2f,1.0f],offset:0.0f,temperature:[0.1f,1.0f],weirdness:[0.05f,1.0f]}},{biome:"minecraft:eroded_badlands",parameters:{continentalness:[0.4f,1.0f],depth:0.0f,erosion:[-1.0f,-0.5f],humidity:[-0.15f,0.2f],offset:0.0f,temperature:[0.1f,1.0f],weirdness:[-1.0f,-0.05f]}},{biome:"minecraft:eroded_badlands",parameters:{continentalness:[0.4f,1.0f],depth:0.0f,erosion:[-1.0f,-0.5f],humidity:[-0.15f,0.2f],offset:0.0f,temperature:[0.1f,1.0f],weirdness:[0.05f,1.0f]}},{biome:"minecraft:desert",parameters:{continentalness:[0.4f,1.0f],depth:0.0f,erosion:[-1.0f,-0.5f],humidity:[-1.0f,-0.15f],offset:0.0f,temperature:[0.1f,1.0f],weirdness:[-1.0f,-0.05f]}},{biome:"minecraft:desert",parameters:{continentalness:[0.4f,1.0f],depth:0.0f,erosion:[-1.0f,-0.5f],humidity:[-1.0f,-0.15f],offset:0.0f,temperature:[0.1f,1.0f],weirdness:[0.05f,1.0f]}},{biome:"minecraft:badlands",parameters:{continentalness:[0.4f,1.0f],depth:0.0f,erosion:[-0.5f,1.0f],humidity:[-1.0f,1.0f],offset:0.0f,temperature:[0.1f,1.0f],weirdness:[-1.0f,-0.05f]}},{biome:"minecraft:badlands",parameters:{continentalness:[0.4f,1.0f],depth:0.0f,erosion:[-0.5f,1.0f],humidity:[-1.0f,1.0f],offset:0.0f,temperature:[0.1f,1.0f],weirdness:[0.05f,1.0f]}},{biome:"minecraft:desert",parameters:{continentalness:[0.4f,1.0f],depth:0.0f,erosion:[-1.0f,-0.5f],humidity:[-1.0f,-0.15f],offset:0.0f,temperature:[-1.0f,0.1f],weirdness:[-1.0f,-0.05f]}},{biome:"minecraft:desert",parameters:{continentalness:[0.4f,1.0f],depth:0.0f,erosion:[-1.0f,-0.5f],humidity:[-1.0f,-0.15f],offset:0.0f,temperature:[-1.0f,0.1f],weirdness:[0.05f,1.0f]}},{biome:"minecraft:eroded_badlands",parameters:{continentalness:[0.4f,1.0f],depth:0.0f,erosion:[-1.0f,-0.5f],humidity:[-0.15f,1.0f],offset:0.0f,temperature:[-1.0f,0.1f],weirdness:[-1.0f,-0.05f]}},{biome:"minecraft:eroded_badlands",parameters:{continentalness:[0.4f,1.0f],depth:0.0f,erosion:[-1.0f,-0.5f],humidity:[-0.15f,1.0f],offset:0.0f,temperature:[-1.0f,0.1f],weirdness:[0.05f,1.0f]}},{biome:"minecraft:badlands",parameters:{continentalness:[0.4f,1.0f],depth:0.0f,erosion:[-0.5f,1.0f],humidity:[-1.0f,1.0f],offset:0.0f,temperature:[-1.0f,0.1f],weirdness:[-1.0f,-0.05f]}},{biome:"minecraft:badlands",parameters:{continentalness:[0.4f,1.0f],depth:0.0f,erosion:[-0.5f,1.0f],humidity:[-1.0f,1.0f],offset:0.0f,temperature:[-1.0f,0.1f],weirdness:[0.05f,1.0f]}},{biome:"minecraft:stony_peaks",parameters:{continentalness:[-0.16f,0.4f],depth:0.0f,erosion:[0.7f,1.0f],humidity:[-1.0f,1.0f],offset:0.0f,temperature:[0.1f,1.0f],weirdness:[-1.0f,-0.06f]}},{biome:"minecraft:stony_peaks",parameters:{continentalness:[-0.16f,0.4f],depth:0.0f,erosion:[0.7f,1.0f],humidity:[-1.0f,1.0f],offset:0.0f,temperature:[0.1f,1.0f],weirdness:[0.06f,1.0f]}},{biome:"etn:zenith_lake",parameters:{continentalness:[-0.16f,0.4f],depth:0.0f,erosion:[1.15f,1.5f],humidity:[-1.0f,1.0f],offset:0.0f,temperature:[-1.0f,1.0f],weirdness:[-1.0f,1.0f]}},{biome:"minecraft:jagged_peaks",parameters:{continentalness:[-0.16f,0.4f],depth:0.0f,erosion:[0.7f,1.0f],humidity:[-1.0f,-0.15f],offset:0.0f,temperature:[-0.45f,0.1f],weirdness:[-1.0f,-0.06f]}},{biome:"minecraft:stony_peaks",parameters:{continentalness:[-0.16f,0.4f],depth:0.0f,erosion:[0.7f,1.0f],humidity:[-0.15f,1.0f],offset:0.0f,temperature:[-0.45f,0.1f],weirdness:[-1.0f,-0.06f]}},{biome:"minecraft:jagged_peaks",parameters:{continentalness:[-0.16f,0.4f],depth:0.0f,erosion:[0.7f,1.0f],humidity:[-1.0f,-0.15f],offset:0.0f,temperature:[-0.45f,0.1f],weirdness:[0.06f,1.0f]}},{biome:"minecraft:stony_peaks",parameters:{continentalness:[-0.16f,0.4f],depth:0.0f,erosion:[0.7f,1.0f],humidity:[-0.15f,1.0f],offset:0.0f,temperature:[-0.45f,0.1f],weirdness:[0.06f,1.0f]}},{biome:"minecraft:frozen_peaks",parameters:{continentalness:[-0.16f,0.4f],depth:0.0f,erosion:[0.7f,1.0f],humidity:[-1.0f,1.0f],offset:0.0f,temperature:[-1.0f,-0.45f],weirdness:[-1.0f,-0.06f]}},{biome:"minecraft:frozen_peaks",parameters:{continentalness:[-0.16f,0.4f],depth:0.0f,erosion:[0.7f,1.0f],humidity:[-1.0f,1.0f],offset:0.0f,temperature:[-1.0f,-0.45f],weirdness:[0.06f,1.0f]}},{biome:"minecraft:lush_caves",parameters:{continentalness:[-1.0f,1.0f],depth:[0.1f,1.2f],erosion:[-1.0f,1.0f],humidity:[0.8f,1.0f],offset:0.0f,temperature:[-0.1f,0.5f],weirdness:[-1.0f,1.0f]}},{biome:"minecraft:dripstone_caves",parameters:{continentalness:[-1.0f,1.0f],depth:[0.3f,1.2f],erosion:[-1.0f,1.0f],humidity:[0.6f,1.0f],offset:0.0f,temperature:[0.5f,1.0f],weirdness:[-1.0f,1.0f]}},{biome:"minecraft:deep_dark",parameters:{continentalness:[-1.0f,0.0f],depth:[1.0f,2.0f],erosion:[-1.0f,-0.5f],humidity:[-0.5f,-0.4f],offset:0.0f,temperature:[0.9f,1.0f],weirdness:[-1.0f,0.0f]}},{biome:"minecraft:mushroom_fields",parameters:{continentalness:[-2.0f,-1.05f],depth:0.0f,erosion:[-1.0f,1.0f],humidity:[-1.0f,1.0f],offset:0.0f,temperature:[-1.0f,1.0f],weirdness:[-1.0f,1.0f]}}],type:"minecraft:multi_noise"},settings:"minecraft:overworld",type:"minecraft:noise"},type:"minecraft:overworld"})  DynamicException[No key preset in MapLike[{biomes:[{biome:"minecraft:frozen_ocean",parameters:{continentalness:[-0.46f,-0.19f],depth:0.0f,erosion:[-1.0f,1.0f],humidity:[-1.0f,1.0f],offset:0.0f,temperature:[-1.0f,-0.45f],weirdness:[-1.0f,1.0f]}},{biome:"minecraft:cold_ocean",parameters:{continentalness:[-0.46f,-0.19f],depth:0.0f,erosion:[-1.0f,1.0f],humidity:[-1.0f,1.0f],offset:0.0f,temperature:[-0.45f,-0.25f],weirdness:[-1.0f,1.0f]}},{biome:"minecraft:lukewarm_ocean",parameters:{continentalness:[-0.46f,-0.19f],depth:0.0f,erosion:[-1.0f,1.0f],humidity:[-1.0f,1.0f],offset:0.0f,temperature:[-0.25f,0.1f],weirdness:[-1.0f,1.0f]}},{biome:"minecraft:ocean",parameters:{continentalness:[-0.46f,-0.19f],depth:0.0f,erosion:[-1.0f,1.0f],humidity:[-1.0f,1.0f],offset:0.0f,temperature:[0.1f,0.55f],weirdness:[-1.0f,1.0f]}},{biome:"minecraft:warm_ocean",parameters:{continentalness:[-1.05f,-0.19f],depth:0.0f,erosion:[-1.0f,1.0f],humidity:[-1.0f,1.0f],offset:0.0f,temperature:[0.55f,1.0f],weirdness:[-1.0f,1.0f]}},{biome:"minecraft:deep_frozen_ocean",parameters:{continentalness:[-1.05f,-0.46f],depth:0.0f,erosion:[-1.0f,1.0f],humidity:[-1.0f,1.0f],offset:0.0f,temperature:[-1.0f,-0.45f],weirdness:[-1.0f,1.0f]}},{biome:"minecraft:deep_cold_ocean",parameters:{continentalness:[-1.05f,-0.46f],depth:0.0f,erosion:[-1.0f,1.0f],humidity:[-1.0f,1.0f],offset:0.0f,temperature:[-0.45f,-0.25f],weirdness:[-1.0f,1.0f]}},{biome:"minecraft:deep_lukewarm_ocean",parameters:{continentalness:[-1.05f,-0.46f],depth:0.0f,erosion:[-1.0f,1.0f],humidity:[-1.0f,1.0f],offset:0.0f,temperature:[-0.25f,0.1f],weirdness:[-1.0f,1.0f]}},{biome:"minecraft:deep_ocean",parameters:{continentalness:[-1.05f,-0.46f],depth:0.0f,erosion:[-1.0f,1.0f],humidity:[-1.0f,1.0f],offset:0.0f,temperature:[0.1f,0.55f],weirdness:[-1.0f,1.0f]}},{biome:"minecraft:river",parameters:{continentalness:[-0.2f,1.0f],depth:0.0f,erosion:[-1.0f,1.0f],humidity:[-1.0f,1.0f],offset:0.0f,temperature:[-0.25f,1.0f],weirdness:[-0.02f,0.02f]}},{biome:"minecraft:frozen_river",parameters:{continentalness:[-0.2f,1.0f],depth:0.0f,erosion:[-1.0f,1.0f],humidity:[-1.0f,1.0f],offset:0.0f,temperature:[-1.0f,-0.25f],weirdness:[-0.02f,0.02f]}},{biome:"minecraft:beach",parameters:{continentalness:[-0.19f,-0.15f],depth:0.0f,erosion:[-1.0f,-0.5f],humidity:[-1.0f,1.0f],offset:0.0f,temperature:[-0.25f,1.0f],weirdness:[-1.0f,-0.05f]}},{biome:"minecraft:beach",parameters:{continentalness:[-0.19f,-0.15f],depth:0.0f,erosion:[-1.0f,-0.5f],humidity:[-1.0f,1.0f],offset:0.0f,temperature:[-0.25f,1.0f],weirdness:[0.05f,1.0f]}},{biome:"minecraft:stony_shore",parameters:{continentalness:[-0.17f,-0.15f],depth:0.0f,erosion:[-0.5f,1.0f],humidity:[-1.0f,1.0f],offset:0.0f,temperature:[-0.25f,1.0f],weirdness:[-1.0f,-0.05f]}},{biome:"minecraft:stony_shore",parameters:{continentalness:[-0.17f,-0.15f],depth:0.0f,erosion:[-0.5f,1.0f],humidity:[-1.0f,1.0f],offset:0.0f,temperature:[-0.25f,1.0f],weirdness:[0.05f,1.0f]}},{biome:"minecraft:snowy_beach",parameters:{continentalness:[-0.19f,-0.15f],depth:0.0f,erosion:[-1.0f,-0.5f],humidity:[-1.0f,1.0f],offset:0.0f,temperature:[-1.0f,-0.25f],weirdness:[-1.0f,-0.05f]}},{biome:"minecraft:snowy_beach",parameters:{continentalness:[-0.19f,-0.15f],depth:0.0f,erosion:[-1.0f,-0.5f],humidity:[-1.0f,1.0f],offset:0.0f,temperature:[-1.0f,-0.25f],weirdness:[0.05f,1.0f]}},{biome:"minecraft:snowy_slopes",parameters:{continentalness:[-0.19f,-0.15f],depth:0.0f,erosion:[-0.5f,1.0f],humidity:[-1.0f,1.0f],offset:0.0f,temperature:[-1.0f,-0.25f],weirdness:[-1.0f,-0.05f]}},{biome:"minecraft:snowy_slopes",parameters:{continentalness:[-0.19f,-0.15f],depth:0.0f,erosion:[-0.5f,1.0f],humidity:[-1.0f,1.0f],offset:0.0f,temperature:[-1.0f,-0.25f],weirdness:[0.05f,1.0f]}},{biome:"minecraft:savanna",parameters:{continentalness:[-0.15f,0.4f],depth:0.0f,erosion:[-1.0f,0.1f],humidity:[-1.0f,-0.45f],offset:0.0f,temperature:[0.55f,1.0f],weirdness:[-1.0f,-0.05f]}},{biome:"minecraft:savanna",parameters:{continentalness:[-0.15f,0.4f],depth:0.0f,erosion:[-1.0f,0.1f],humidity:[-1.0f,-0.45f],offset:0.0f,temperature:[0.55f,1.0f],weirdness:[0.05f,1.0f]}},{biome:"minecraft:savanna_plateau",parameters:{continentalness:[-0.15f,0.4f],depth:0.0f,erosion:[0.1f,0.7f],humidity:[-1.0f,-0.45f],offset:0.0f,temperature:[0.55f,1.0f],weirdness:[-1.0f,-0.05f]}},{biome:"minecraft:savanna_plateau",parameters:{continentalness:[-0.15f,0.4f],depth:0.0f,erosion:[0.1f,0.7f],humidity:[-1.0f,-0.45f],offset:0.0f,temperature:[0.55f,1.0f],weirdness:[0.05f,1.0f]}},{biome:"minecraft:sunflower_plains",parameters:{continentalness:[-0.15f,0.4f],depth:0.0f,erosion:[-1.0f,-0.5f],humidity:[-0.45f,-0.15f],offset:0.0f,temperature:[0.55f,1.0f],weirdness:[-1.0f,-0.05f]}},{biome:"minecraft:sunflower_plains",parameters:{continentalness:[-0.15f,0.4f],depth:0.0f,erosion:[-1.0f,-0.5f],humidity:[-0.45f,-0.15f],offset:0.0f,temperature:[0.55f,1.0f],weirdness:[0.05f,1.0f]}},{biome:"minecraft:savanna",parameters:{continentalness:[-0.15f,0.4f],depth:0.0f,erosion:[-0.5f,0.1f],humidity:[-0.45f,-0.15f],offset:0.0f,temperature:[0.55f,1.0f],weirdness:[-1.0f,-0.05f]}},{biome:"minecraft:savanna",parameters:{continentalness:[-0.15f,0.4f],depth:0.0f,erosion:[-0.5f,0.1f],humidity:[-0.45f,-0.15f],offset:0.0f,temperature:[0.55f,1.0f],weirdness:[0.05f,1.0f]}},{biome:"minecraft:windswept_savanna",parameters:{continentalness:[-0.15f,0.4f],depth:0.0f,erosion:[0.1f,0.7f],humidity:[-0.45f,-0.15f],offset:0.0f,temperature:[0.55f,1.0f],weirdness:[-1.0f,-0.05f]}},{biome:"minecraft:windswept_savanna",parameters:{continentalness:[-0.15f,0.4f],depth:0.0f,erosion:[0.1f,0.7f],humidity:[-0.45f,-0.15f],offset:0.0f,temperature:[0.55f,1.0f],weirdness:[0.05f,1.0f]}},{biome:"minecraft:sparse_jungle",parameters:{continentalness:[-0.15f,0.4f],depth:0.0f,erosion:[-1.0f,-0.5f],humidity:[-0.15f,0.2f],offset:0.0f,temperature:[0.55f,1.0f],weirdness:[-1.0f,-0.05f]}},{biome:"minecraft:sparse_jungle",parameters:{continentalness:[-0.15f,0.4f],depth:0.0f,erosion:[-1.0f,-0.5f],humidity:[-0.15f,0.2f],offset:0.0f,temperature:[0.55f,1.0f],weirdness:[0.05f,1.0f]}},{biome:"minecraft:bamboo_jungle",parameters:{continentalness:[-0.15f,0.4f],depth:0.0f,erosion:[-0.5f,0.7f],humidity:[-0.15f,0.2f],offset:0.0f,temperature:[0.55f,1.0f],weirdness:[-1.0f,-0.05f]}},{biome:"minecraft:bamboo_jungle",parameters:{continentalness:[-0.15f,0.4f],depth:0.0f,erosion:[-0.5f,0.7f],humidity:[-0.15f,0.2f],offset:0.0f,temperature:[0.55f,1.0f],weirdness:[0.05f,1.0f]}},{biome:"minecraft:jungle",parameters:{continentalness:[-0.15f,0.4f],depth:0.0f,erosion:[-1.0f,0.7f],humidity:[0.2f,0.55f],offset:0.0f,temperature:[0.55f,1.0f],weirdness:[-1.0f,-0.05f]}},{biome:"minecraft:jungle",parameters:{continentalness:[-0.15f,0.4f],depth:0.0f,erosion:[-1.0f,0.7f],humidity:[0.2f,0.55f],offset:0.0f,temperature:[0.55f,1.0f],weirdness:[0.05f,1.0f]}},{biome:"minecraft:mangrove_swamp",parameters:{continentalness:[-0.15f,0.4f],depth:0.0f,erosion:[-1.0f,-0.5f],humidity:[0.55f,1.0f],offset:0.0f,temperature:[0.55f,1.0f],weirdness:[-1.0f,-0.05f]}},{biome:"minecraft:mangrove_swamp",parameters:{continentalness:[-0.15f,0.4f],depth:0.0f,erosion:[-1.0f,-0.5f],humidity:[0.55f,1.0f],offset:0.0f,temperature:[0.55f,1.0f],weirdness:[0.05f,1.0f]}},{biome:"minecraft:jungle",parameters:{continentalness:[-0.15f,0.4f],depth:0.0f,erosion:[-0.5f,0.7f],humidity:[0.55f,1.0f],offset:0.0f,temperature:[0.55f,1.0f],weirdness:[-1.0f,-0.05f]}},{biome:"minecraft:jungle",parameters:{continentalness:[-0.15f,0.4f],depth:0.0f,erosion:[-0.5f,0.7f],humidity:[0.55f,1.0f],offset:0.0f,temperature:[0.55f,1.0f],weirdness:[0.05f,1.0f]}},{biome:"minecraft:plains",parameters:{continentalness:[-0.15f,0.4f],depth:0.0f,erosion:[-1.0f,-0.5f],humidity:[-1.0f,-0.45f],offset:0.0f,temperature:[0.1f,0.55f],weirdness:[-1.0f,-0.05f]}},{biome:"minecraft:plains",parameters:{continentalness:[-0.15f,0.4f],depth:0.0f,erosion:[-1.0f,-0.5f],humidity:[-1.0f,-0.45f],offset:0.0f,temperature:[0.1f,0.55f],weirdness:[0.05f,1.0f]}},{biome:"minecraft:forest",parameters:{continentalness:[-0.15f,0.4f],depth:0.0f,erosion:[-0.5f,0.7f],humidity:[-1.0f,-0.45f],offset:0.0f,temperature:[0.1f,0.55f],weirdness:[-1.0f,-0.05f]}},{biome:"minecraft:forest",parameters:{continentalness:[-0.15f,0.4f],depth:0.0f,erosion:[-0.5f,0.7f],humidity:[-1.0f,-0.45f],offset:0.0f,temperature:[0.1f,0.55f],weirdness:[0.05f,1.0f]}},{biome:"minecraft:plains",parameters:{continentalness:[-0.15f,0.4f],depth:0.0f,erosion:[-1.0f,-0.5f],humidity:[-0.45f,-0.15f],offset:0.0f,temperature:[0.1f,0.55f],weirdness:[-1.0f,-0.05f]}},{biome:"minecraft:plains",parameters:{continentalness:[-0.15f,0.4f],depth:0.0f,erosion:[-1.0f,-0.5f],humidity:[-0.45f,-0.15f],offset:0.0f,temperature:[0.1f,0.55f],weirdness:[0.05f,1.0f]}},{biome:"minecraft:forest",parameters:{continentalness:[-0.15f,0.4f],depth:0.0f,erosion:[-0.5f,0.1f],humidity:[-0.45f,-0.15f],offset:0.0f,temperature:[0.1f,0.55f],weirdness:[-1.0f,-0.05f]}},{biome:"minecraft:forest",parameters:{continentalness:[-0.15f,0.4f],depth:0.0f,erosion:[-0.5f,0.1f],humidity:[-0.45f,-0.15f],offset:0.0f,temperature:[0.1f,0.55f],weirdness:[0.05f,1.0f]}},{biome:"minecraft:old_growth_spruce_taiga",parameters:{continentalness:[-0.15f,0.4f],depth:0.0f,erosion:[0.1f,0.7f],humidity:[-0.45f,-0.15f],offset:0.0f,temperature:[0.1f,0.55f],weirdness:[-1.0f,-0.05f]}},{biome:"minecraft:old_growth_spruce_taiga",parameters:{continentalness:[-0.15f,0.4f],depth:0.0f,erosion:[0.1f,0.7f],humidity:[-0.45f,-0.15f],offset:0.0f,temperature:[0.1f,0.55f],weirdness:[0.05f,1.0f]}},{biome:"minecraft:birch_forest",parameters:{continentalness:[-0.15f,0.4f],depth:0.0f,erosion:[-1.0f,-0.5f],humidity:[-0.15f,0.2f],offset:0.0f,temperature:[0.1f,0.55f],weirdness:[-1.0f,-0.05f]}},{biome:"minecraft:birch_forest",parameters:{continentalness:[-0.15f,0.4f],depth:0.0f,erosion:[-1.0f,-0.5f],humidity:[-0.15f,0.2f],offset:0.0f,temperature:[0.1f,0.55f],weirdness:[0.05f,1.0f]}},{biome:"minecraft:old_growth_birch_forest",parameters:{continentalness:[-0.15f,0.4f],depth:0.0f,erosion:[-0.5f,0.1f],humidity:[-0.15f,0.2f],offset:0.0f,temperature:[0.1f,0.55f],weirdness:[-1.0f,-0.05f]}},{biome:"minecraft:old_growth_birch_forest",parameters:{continentalness:[-0.15f,0.4f],depth:0.0f,erosion:[-0.5f,0.1f],humidity:[-0.15f,0.2f],offset:0.0f,temperature:[0.1f,0.55f],weirdness:[0.05f,1.0f]}},{biome:"minecraft:old_growth_pine_taiga",parameters:{continentalness:[-0.15f,0.4f],depth:0.0f,erosion:[0.1f,0.7f],humidity:[-0.15f,0.2f],offset:0.0f,temperature:[0.1f,0.55f],weirdness:[-1.0f,-0.05f]}},{biome:"minecraft:old_growth_pine_taiga",parameters:{continentalness:[-0.15f,0.4f],depth:0.0f,erosion:[0.1f,0.7f],humidity:[-0.15f,0.2f],offset:0.0f,temperature:[0.1f,0.55f],weirdness:[0.05f,1.0f]}},{biome:"minecraft:flower_forest",parameters:{continentalness:[-0.15f,0.4f],depth:0.0f,erosion:[-1.0f,-0.5f],humidity:[0.2f,0.55f],offset:0.0f,temperature:[0.1f,0.55f],weirdness:[-1.0f,-0.05f]}},{biome:"minecraft:flower_forest",parameters:{continentalness:[-0.15f,0.4f],depth:0.0f,erosion:[-1.0f,-0.5f],humidity:[0.2f,0.55f],offset:0.0f,temperature:[0.1f,0.55f],weirdness:[0.05f,1.0f]}},{biome:"minecraft:birch_forest",parameters:{continentalness:[-0.15f,0.4f],depth:0.0f,erosion:[-0.5f,0.7f],humidity:[0.2f,0.55f],offset:0.0f,temperature:[0.1f,0.55f],weirdness:[-1.0f,-0.05f]}},{biome:"minecraft:birch_forest",parameters:{continentalness:[-0.15f,0.4f],depth:0.0f,erosion:[-0.5f,0.7f],humidity:[0.2f,0.55f],offset:0.0f,temperature:[0.1f,0.55f],weirdness:[0.05f,1.0f]}},{biome:"minecraft:dark_forest",parameters:{continentalness:[-0.15f,0.4f],depth:0.0f,erosion:[-1.0f,0.1f],humidity:[0.55f,1.0f],offset:0.0f,temperature:[0.1f,0.55f],weirdness:[-1.0f,-0.05f]}},{biome:"minecraft:dark_forest",parameters:{continentalness:[-0.15f,0.4f],depth:0.0f,erosion:[-1.0f,0.1f],humidity:[0.55f,1.0f],offset:0.0f,temperature:[0.1f,0.55f],weirdness:[0.05f,1.0f]}},{biome:"minecraft:flower_forest",parameters:{continentalness:[-0.15f,0.4f],depth:0.0f,erosion:[0.1f,0.7f],humidity:[0.55f,1.0f],offset:0.0f,temperature:[0.1f,0.55f],weirdness:[-1.0f,-0.05f]}},{biome:"minecraft:flower_forest",parameters:{continentalness:[-0.15f,0.4f],depth:0.0f,erosion:[0.1f,0.7f],humidity:[0.55f,1.0f],offset:0.0f,temperature:[0.1f,0.55f],weirdness:[0.05f,1.0f]}},{biome:"minecraft:meadow",parameters:{continentalness:[-0.15f,0.4f],depth:0.0f,erosion:[-1.0f,0.1f],humidity:[-1.0f,-0.45f],offset:0.0f,temperature:[-0.25f,0.1f],weirdness:[-1.0f,-0.05f]}},{biome:"minecraft:meadow",parameters:{continentalness:[-0.15f,0.4f],depth:0.0f,erosion:[-1.0f,0.1f],humidity:[-1.0f,-0.45f],offset:0.0f,temperature:[-0.25f,0.1f],weirdness:[0.05f,1.0f]}},{biome:"minecraft:cherry_grove",parameters:{continentalness:[-0.15f,0.4f],depth:0.0f,erosion:[0.1f,0.7f],humidity:[-1.0f,-0.45f],offset:0.0f,temperature:[-0.25f,0.1f],weirdness:[-1.0f,-0.05f]}},{biome:"minecraft:cherry_grove",parameters:{continentalness:[-0.15f,0.4f],depth:0.0f,erosion:[0.1f,0.7f],humidity:[-1.0f,-0.45f],offset:0.0f,temperature:[-0.25f,0.1f],weirdness:[0.05f,1.0f]}},{biome:"minecraft:cherry_grove",parameters:{continentalness:[-0.15f,0.4f],depth:0.0f,erosion:[-1.0f,-0.5f],humidity:[-0.45f,-0.15f],offset:0.0f,temperature:[-0.25f,0.1f],weirdness:[-1.0f,-0.05f]}},{biome:"minecraft:cherry_grove",parameters:{continentalness:[-0.15f,0.4f],depth:0.0f,erosion:[-1.0f,-0.5f],humidity:[-0.45f,-0.15f],offset:0.0f,temperature:[-0.25f,0.1f],weirdness:[0.05f,1.0f]}},{biome:"minecraft:windswept_hills",parameters:{continentalness:[-0.15f,0.4f],depth:0.0f,erosion:[-0.5f,0.1f],humidity:[-0.45f,-0.15f],offset:0.0f,temperature:[-0.25f,0.1f],weirdness:[-1.0f,-0.05f]}},{biome:"minecraft:windswept_hills",parameters:{continentalness:[-0.15f,0.4f],depth:0.0f,erosion:[-0.5f,0.1f],humidity:[-0.45f,-0.15f],offset:0.0f,temperature:[-0.25f,0.1f],weirdness:[0.05f,1.0f]}},{biome:"minecraft:windswept_gravelly_hills",parameters:{continentalness:[-0.15f,0.4f],depth:0.0f,erosion:[0.1f,0.7f],humidity:[-0.45f,-0.15f],offset:0.0f,temperature:[-0.25f,0.1f],weirdness:[-1.0f,-0.05f]}},{biome:"minecraft:windswept_gravelly_hills",parameters:{continentalness:[-0.15f,0.4f],depth:0.0f,erosion:[0.1f,0.7f],humidity:[-0.45f,-0.15f],offset:0.0f,temperature:[-0.25f,0.1f],weirdness:[0.05f,1.0f]}},{biome:"minecraft:taiga",parameters:{continentalness:[-0.15f,0.4f],depth:0.0f,erosion:[-1.0f,-0.5f],humidity:[-0.15f,0.2f],offset:0.0f,temperature:[-0.25f,0.1f],weirdness:[-1.0f,-0.05f]}},{biome:"minecraft:taiga",parameters:{continentalness:[-0.15f,0.4f],depth:0.0f,erosion:[-1.0f,-0.5f],humidity:[-0.15f,0.2f],offset:0.0f,temperature:[-0.25f,0.1f],weirdness:[0.05f,1.0f]}},{biome:"minecraft:windswept_forest",parameters:{continentalness:[-0.15f,0.4f],depth:0.0f,erosion:[-0.5f,0.7f],humidity:[-0.15f,0.2f],offset:0.0f,temperature:[-0.25f,0.1f],weirdness:[-1.0f,-0.05f]}},{biome:"minecraft:windswept_forest",parameters:{continentalness:[-0.15f,0.4f],depth:0.0f,erosion:[-0.5f,0.7f],humidity:[-0.15f,0.2f],offset:0.0f,temperature:[-0.25f,0.1f],weirdness:[0.05f,1.0f]}},{biome:"minecraft:plains",parameters:{continentalness:[-0.15f,0.4f],depth:0.0f,erosion:[-1.0f,-0.5f],humidity:[0.2f,0.55f],offset:0.0f,temperature:[-0.25f,0.1f],weirdness:[-1.0f,-0.05f]}},{biome:"minecraft:plains",parameters:{continentalness:[-0.15f,0.4f],depth:0.0f,erosion:[-1.0f,-0.5f],humidity:[0.2f,0.55f],offset:0.0f,temperature:[-0.25f,0.1f],weirdness:[-0.05f,1.0f]}},{biome:"minecraft:taiga",parameters:{continentalness:[-0.15f,0.4f],depth:0.0f,erosion:[-0.5f,0.7f],humidity:[0.2f,0.55f],offset:0.0f,temperature:[-0.25f,0.1f],weirdness:[-1.0f,-0.05f]}},{biome:"minecraft:taiga",parameters:{continentalness:[-0.15f,0.4f],depth:0.0f,erosion:[-0.5f,0.7f],humidity:[0.2f,0.55f],offset:0.0f,temperature:[-0.25f,0.1f],weirdness:[0.05f,1.0f]}},{biome:"minecraft:swamp",parameters:{continentalness:[-0.15f,0.4f],depth:0.0f,erosion:[-1.0f,-0.5f],humidity:[0.55f,1.0f],offset:0.0f,temperature:[-0.25f,0.1f],weirdness:[-1.0f,-0.05f]}},{biome:"minecraft:swamp",parameters:{continentalness:[-0.15f,0.4f],depth:0.0f,erosion:[-1.0f,-0.5f],humidity:[0.55f,1.0f],offset:0.0f,temperature:[-0.25f,0.1f],weirdness:[0.05f,1.0f]}},{biome:"minecraft:meadow",parameters:{continentalness:[-0.15f,0.4f],depth:0.0f,erosion:[-0.5f,0.1f],humidity:[0.55f,1.0f],offset:0.0f,temperature:[-0.25f,0.1f],weirdness:[-1.0f,-0.05f]}},{biome:"minecraft:meadow",parameters:{continentalness:[-0.15f,0.4f],depth:0.0f,erosion:[-0.5f,0.1f],humidity:[0.55f,1.0f],offset:0.0f,temperature:[-0.25f,0.1f],weirdness:[0.05f,1.0f]}},{biome:"minecraft:taiga",parameters:{continentalness:[-0.15f,0.4f],depth:0.0f,erosion:[0.1f,0.7f],humidity:[0.55f,1.0f],offset:0.0f,temperature:[-0.25f,0.1f],weirdness:[-1.0f,-0.05f]}},{biome:"minecraft:taiga",parameters:{continentalness:[-0.15f,0.4f],depth:0.0f,erosion:[0.1f,0.7f],humidity:[0.55f,1.0f],offset:0.0f,temperature:[-0.25f,0.1f],weirdness:[0.05f,1.0f]}},{biome:"minecraft:snowy_plains",parameters:{continentalness:[-0.15f,0.4f],depth:0.0f,erosion:[-1.0f,-0.5f],humidity:[-1.0f,-0.15f],offset:0.0f,temperature:[-0.45f,-0.25f],weirdness:[-1.0f,-0.05f]}},{biome:"minecraft:snowy_plains",parameters:{continentalness:[-0.15f,0.4f],depth:0.0f,erosion:[-1.0f,-0.5f],humidity:[-1.0f,-0.15f],offset:0.0f,temperature:[-0.45f,-0.25f],weirdness:[0.05f,1.0f]}},{biome:"minecraft:snowy_slopes",parameters:{continentalness:[-0.15f,0.4f],depth:0.0f,erosion:[-0.5f,0.7f],humidity:[-1.0f,-0.15f],offset:0.0f,temperature:[-0.45f,-0.25f],weirdness:[-1.0f,-0.05f]}},{biome:"minecraft:snowy_slopes",parameters:{continentalness:[-0.15f,0.4f],depth:0.0f,erosion:[-0.5f,0.7f],humidity:[-1.0f,-0.15f],offset:0.0f,temperature:[-0.45f,-0.25f],weirdness:[0.05f,1.0f]}},{biome:"minecraft:grove",parameters:{continentalness:[-0.15f,0.4f],depth:0.0f,erosion:[-1.0f,0.1f],humidity:[-0.15f,0.2f],offset:0.0f,temperature:[-0.45f,-0.25f],weirdness:[-1.0f,-0.05f]}},{biome:"minecraft:grove",parameters:{continentalness:[-0.15f,0.4f],depth:0.0f,erosion:[-1.0f,0.1f],humidity:[-0.15f,0.2f],offset:0.0f,temperature:[-0.45f,-0.25f],weirdness:[0.05f,1.0f]}},{biome:"minecraft:snowy_slopes",parameters:{continentalness:[-0.15f,0.4f],depth:0.0f,erosion:[0.1f,0.7f],humidity:[-0.15f,0.2f],offset:0.0f,temperature:[-0.45f,-0.25f],weirdness:[-1.0f,-0.05f]}},{biome:"minecraft:snowy_slopes",parameters:{continentalness:[-0.15f,0.4f],depth:0.0f,erosion:[0.1f,0.7f],humidity:[-0.15f,0.2f],offset:0.0f,temperature:[-0.45f,-0.25f],weirdness:[0.05f,1.0f]}},{biome:"minecraft:snowy_taiga",parameters:{continentalness:[-0.15f,0.4f],depth:0.0f,erosion:[-1.0f,-0.5f],humidity:[0.2f,0.55f],offset:0.0f,temperature:[-0.45f,-0.25f],weirdness:[-1.0f,-0.05f]}},{biome:"minecraft:snowy_taiga",parameters:{continentalness:[-0.15f,0.4f],depth:0.0f,erosion:[-1.0f,-0.5f],humidity:[0.2f,0.55f],offset:0.0f,temperature:[-0.45f,-0.25f],weirdness:[0.05f,1.0f]}},{biome:"minecraft:snowy_slopes",parameters:{continentalness:[-0.15f,0.4f],depth:0.0f,erosion:[-0.5f,0.7f],humidity:[0.2f,0.55f],offset:0.0f,temperature:[-0.45f,-0.25f],weirdness:[-1.0f,-0.05f]}},{biome:"minecraft:snowy_slopes",parameters:{continentalness:[-0.15f,0.4f],depth:0.0f,erosion:[-0.5f,0.7f],humidity:[0.2f,0.55f],offset:0.0f,temperature:[-0.45f,-0.25f],weirdness:[0.05f,1.0f]}},{biome:"minecraft:snowy_taiga",parameters:{continentalness:[-0.15f,0.4f],depth:0.0f,erosion:[-1.0f,0.7f],humidity:[0.55f,1.0f],offset:0.0f,temperature:[-0.45f,-0.25f],weirdness:[-1.0f,-0.05f]}},{biome:"minecraft:snowy_taiga",parameters:{continentalness:[-0.15f,0.4f],depth:0.0f,erosion:[-1.0f,0.7f],humidity:[0.55f,1.0f],offset:0.0f,temperature:[-0.45f,-0.25f],weirdness:[0.05f,1.0f]}},{biome:"minecraft:ice_spikes",parameters:{continentalness:[-0.15f,0.4f],depth:0.0f,erosion:[-1.0f,-0.5f],humidity:[-1.0f,0.2f],offset:0.0f,temperature:[-1.0f,-0.45f],weirdness:[-1.0f,-0.05f]}},{biome:"minecraft:ice_spikes",parameters:{continentalness:[-0.15f,0.4f],depth:0.0f,erosion:[-1.0f,-0.5f],humidity:[-1.0f,0.2f],offset:0.0f,temperature:[-1.0f,-0.45f],weirdness:[0.05f,1.0f]}},{biome:"minecraft:grove",parameters:{continentalness:[-0.15f,0.4f],depth:0.0f,erosion:[-1.0f,-0.5f],humidity:[0.2f,1.0f],offset:0.0f,temperature:[-1.0f,-0.45f],weirdness:[-1.0f,-0.05f]}},{biome:"minecraft:grove",parameters:{continentalness:[-0.15f,0.4f],depth:0.0f,erosion:[-1.0f,-0.5f],humidity:[0.2f,1.0f],offset:0.0f,temperature:[-1.0f,-0.45f],weirdness:[0.05f,1.0f]}},{biome:"minecraft:snowy_slopes",parameters:{continentalness:[-0.15f,0.4f],depth:0.0f,erosion:[-0.5f,0.7f],humidity:[-1.0f,1.0f],offset:0.0f,temperature:[-1.0f,-0.45f],weirdness:[-1.0f,-0.05f]}},{biome:"minecraft:snowy_slopes",parameters:{continentalness:[-0.15f,0.4f],depth:0.0f,erosion:[-0.5f,0.7f],humidity:[-1.0f,1.0f],offset:0.0f,temperature:[-1.0f,-0.45f],weirdness:[0.05f,1.0f]}},{biome:"minecraft:wooded_badlands",parameters:{continentalness:[0.4f,1.0f],depth:0.0f,erosion:[-1.0f,-0.5f],humidity:[0.2f,1.0f],offset:0.0f,temperature:[0.1f,1.0f],weirdness:[-1.0f,-0.05f]}},{biome:"minecraft:wooded_badlands",parameters:{continentalness:[0.4f,1.0f],depth:0.0f,erosion:[-1.0f,-0.5f],humidity:[0.2f,1.0f],offset:0.0f,temperature:[0.1f,1.0f],weirdness:[0.05f,1.0f]}},{biome:"minecraft:eroded_badlands",parameters:{continentalness:[0.4f,1.0f],depth:0.0f,erosion:[-1.0f,-0.5f],humidity:[-0.15f,0.2f],offset:0.0f,temperature:[0.1f,1.0f],weirdness:[-1.0f,-0.05f]}},{biome:"minecraft:eroded_badlands",parameters:{continentalness:[0.4f,1.0f],depth:0.0f,erosion:[-1.0f,-0.5f],humidity:[-0.15f,0.2f],offset:0.0f,temperature:[0.1f,1.0f],weirdness:[0.05f,1.0f]}},{biome:"minecraft:desert",parameters:{continentalness:[0.4f,1.0f],depth:0.0f,erosion:[-1.0f,-0.5f],humidity:[-1.0f,-0.15f],offset:0.0f,temperature:[0.1f,1.0f],weirdness:[-1.0f,-0.05f]}},{biome:"minecraft:desert",parameters:{continentalness:[0.4f,1.0f],depth:0.0f,erosion:[-1.0f,-0.5f],humidity:[-1.0f,-0.15f],offset:0.0f,temperature:[0.1f,1.0f],weirdness:[0.05f,1.0f]}},{biome:"minecraft:badlands",parameters:{continentalness:[0.4f,1.0f],depth:0.0f,erosion:[-0.5f,1.0f],humidity:[-1.0f,1.0f],offset:0.0f,temperature:[0.1f,1.0f],weirdness:[-1.0f,-0.05f]}},{biome:"minecraft:badlands",parameters:{continentalness:[0.4f,1.0f],depth:0.0f,erosion:[-0.5f,1.0f],humidity:[-1.0f,1.0f],offset:0.0f,temperature:[0.1f,1.0f],weirdness:[0.05f,1.0f]}},{biome:"minecraft:desert",parameters:{continentalness:[0.4f,1.0f],depth:0.0f,erosion:[-1.0f,-0.5f],humidity:[-1.0f,-0.15f],offset:0.0f,temperature:[-1.0f,0.1f],weirdness:[-1.0f,-0.05f]}},{biome:"minecraft:desert",parameters:{continentalness:[0.4f,1.0f],depth:0.0f,erosion:[-1.0f,-0.5f],humidity:[-1.0f,-0.15f],offset:0.0f,temperature:[-1.0f,0.1f],weirdness:[0.05f,1.0f]}},{biome:"minecraft:eroded_badlands",parameters:{continentalness:[0.4f,1.0f],depth:0.0f,erosion:[-1.0f,-0.5f],humidity:[-0.15f,1.0f],offset:0.0f,temperature:[-1.0f,0.1f],weirdness:[-1.0f,-0.05f]}},{biome:"minecraft:eroded_badlands",parameters:{continentalness:[0.4f,1.0f],depth:0.0f,erosion:[-1.0f,-0.5f],humidity:[-0.15f,1.0f],offset:0.0f,temperature:[-1.0f,0.1f],weirdness:[0.05f,1.0f]}},{biome:"minecraft:badlands",parameters:{continentalness:[0.4f,1.0f],depth:0.0f,erosion:[-0.5f,1.0f],humidity:[-1.0f,1.0f],offset:0.0f,temperature:[-1.0f,0.1f],weirdness:[-1.0f,-0.05f]}},{biome:"minecraft:badlands",parameters:{continentalness:[0.4f,1.0f],depth:0.0f,erosion:[-0.5f,1.0f],humidity:[-1.0f,1.0f],offset:0.0f,temperature:[-1.0f,0.1f],weirdness:[0.05f,1.0f]}},{biome:"minecraft:stony_peaks",parameters:{continentalness:[-0.16f,0.4f],depth:0.0f,erosion:[0.7f,1.0f],humidity:[-1.0f,1.0f],offset:0.0f,temperature:[0.1f,1.0f],weirdness:[-1.0f,-0.06f]}},{biome:"minecraft:stony_peaks",parameters:{continentalness:[-0.16f,0.4f],depth:0.0f,erosion:[0.7f,1.0f],humidity:[-1.0f,1.0f],offset:0.0f,temperature:[0.1f,1.0f],weirdness:[0.06f,1.0f]}},{biome:"etn:zenith_lake",parameters:{continentalness:[-0.16f,0.4f],depth:0.0f,erosion:[1.15f,1.5f],humidity:[-1.0f,1.0f],offset:0.0f,temperature:[-1.0f,1.0f],weirdness:[-1.0f,1.0f]}},{biome:"minecraft:jagged_peaks",parameters:{continentalness:[-0.16f,0.4f],depth:0.0f,erosion:[0.7f,1.0f],humidity:[-1.0f,-0.15f],offset:0.0f,temperature:[-0.45f,0.1f],weirdness:[-1.0f,-0.06f]}},{biome:"minecraft:stony_peaks",parameters:{continentalness:[-0.16f,0.4f],depth:0.0f,erosion:[0.7f,1.0f],humidity:[-0.15f,1.0f],offset:0.0f,temperature:[-0.45f,0.1f],weirdness:[-1.0f,-0.06f]}},{biome:"minecraft:jagged_peaks",parameters:{continentalness:[-0.16f,0.4f],depth:0.0f,erosion:[0.7f,1.0f],humidity:[-1.0f,-0.15f],offset:0.0f,temperature:[-0.45f,0.1f],weirdness:[0.06f,1.0f]}},{biome:"minecraft:stony_peaks",parameters:{continentalness:[-0.16f,0.4f],depth:0.0f,erosion:[0.7f,1.0f],humidity:[-0.15f,1.0f],offset:0.0f,temperature:[-0.45f,0.1f],weirdness:[0.06f,1.0f]}},{biome:"minecraft:frozen_peaks",parameters:{continentalness:[-0.16f,0.4f],depth:0.0f,erosion:[0.7f,1.0f],humidity:[-1.0f,1.0f],offset:0.0f,temperature:[-1.0f,-0.45f],weirdness:[-1.0f,-0.06f]}},{biome:"minecraft:frozen_peaks",parameters:{continentalness:[-0.16f,0.4f],depth:0.0f,erosion:[0.7f,1.0f],humidity:[-1.0f,1.0f],offset:0.0f,temperature:[-1.0f,-0.45f],weirdness:[0.06f,1.0f]}},{biome:"minecraft:lush_caves",parameters:{continentalness:[-1.0f,1.0f],depth:[0.1f,1.2f],erosion:[-1.0f,1.0f],humidity:[0.8f,1.0f],offset:0.0f,temperature:[-0.1f,0.5f],weirdness:[-1.0f,1.0f]}},{biome:"minecraft:dripstone_caves",parameters:{continentalness:[-1.0f,1.0f],depth:[0.3f,1.2f],erosion:[-1.0f,1.0f],humidity:[0.6f,1.0f],offset:0.0f,temperature:[0.5f,1.0f],weirdness:[-1.0f,1.0f]}},{biome:"minecraft:deep_dark",parameters:{continentalness:[-1.0f,0.0f],depth:[1.0f,2.0f],erosion:[-1.0f,-0.5f],humidity:[-0.5f,-0.4f],offset:0.0f,temperature:[0.9f,1.0f],weirdness:[-1.0f,0.0f]}},{biome:"minecraft:mushroom_fields",parameters:{continentalness:[-2.0f,-1.05f],depth:0.0f,erosion:[-1.0f,1.0f],humidity:[-1.0f,1.0f],offset:0.0f,temperature:[-1.0f,1.0f],weirdness:[-1.0f,1.0f]}}],type:"minecraft:multi_noise"}] Optional.empty]
[20:06:59] [main/WARN]: Failed to load datapacks, can't proceed with server load. You can either fix your datapacks or reset to vanilla with --safeMode
java.util.concurrent.ExecutionException: java.lang.IllegalStateException: Overworld settings missing
	at java.util.concurrent.CompletableFuture.reportGet(CompletableFuture.java:396) ~[?:?]
	at java.util.concurrent.CompletableFuture.get(CompletableFuture.java:2073) ~[?:?]
	at net.minecraft.server.Main.main(Main.java:209) ~[server-intermediary.jar:?]
	at net.fabricmc.loader.impl.game.minecraft.MinecraftGameProvider.launch(MinecraftGameProvider.java:480) ~[fabric-loader-0.16.3.jar:?]
	at net.fabricmc.loader.impl.launch.knot.Knot.launch(Knot.java:74) ~[fabric-loader-0.16.3.jar:?]
	at net.fabricmc.loader.impl.launch.knot.KnotServer.main(KnotServer.java:23) ~[fabric-loader-0.16.3.jar:?]
	at net.fabricmc.loader.impl.launch.server.FabricServerLauncher.main(FabricServerLauncher.java:69) ~[fabric-loader-0.16.3.jar:?]
	at net.fabricmc.installer.ServerLauncher.main(ServerLauncher.java:69) ~[fabric-server-launch.jar:1.0.1]
Caused by: java.lang.IllegalStateException: Overworld settings missing
	at net.minecraft.class_7723.<init>(class_7723.java:50) ~[server-intermediary.jar:?]
	at com.mojang.serialization.codecs.RecordCodecBuilder$Instance$1.lambda$decode$0(RecordCodecBuilder.java:185) ~[datafixerupper-6.0.8.jar:?]
	at com.mojang.datafixers.util.Either$Left.mapBoth(Either.java:33) ~[datafixerupper-6.0.8.jar:?]
	at com.mojang.serialization.DataResult.map(DataResult.java:111) ~[datafixerupper-6.0.8.jar:?]
	at com.mojang.serialization.codecs.RecordCodecBuilder$Instance$1.lambda$decode$1(RecordCodecBuilder.java:184) ~[datafixerupper-6.0.8.jar:?]
	at com.mojang.serialization.DataResult.lambda$flatMap$11(DataResult.java:139) ~[datafixerupper-6.0.8.jar:?]
	at com.mojang.datafixers.util.Either$Left.map(Either.java:38) ~[datafixerupper-6.0.8.jar:?]
	at com.mojang.serialization.DataResult.flatMap(DataResult.java:137) ~[datafixerupper-6.0.8.jar:?]
	at com.mojang.serialization.codecs.RecordCodecBuilder$Instance$1.decode(RecordCodecBuilder.java:183) ~[datafixerupper-6.0.8.jar:?]
	at com.mojang.serialization.codecs.RecordCodecBuilder$2.decode(RecordCodecBuilder.java:107) ~[datafixerupper-6.0.8.jar:?]
	at com.mojang.serialization.codecs.RecordCodecBuilder$Instance$3.decode(RecordCodecBuilder.java:249) ~[datafixerupper-6.0.8.jar:?]
	at com.mojang.serialization.codecs.RecordCodecBuilder$2.decode(RecordCodecBuilder.java:107) ~[datafixerupper-6.0.8.jar:?]
	at com.mojang.serialization.MapDecoder.lambda$compressedDecode$1(MapDecoder.java:52) ~[datafixerupper-6.0.8.jar:?]
	at com.mojang.serialization.DataResult.lambda$flatMap$11(DataResult.java:139) ~[datafixerupper-6.0.8.jar:?]
	at com.mojang.datafixers.util.Either$Left.map(Either.java:38) ~[datafixerupper-6.0.8.jar:?]
	at com.mojang.serialization.DataResult.flatMap(DataResult.java:137) ~[datafixerupper-6.0.8.jar:?]
	at com.mojang.serialization.MapDecoder.compressedDecode(MapDecoder.java:52) ~[datafixerupper-6.0.8.jar:?]
	at com.mojang.serialization.MapCodec$MapCodecCodec.decode(MapCodec.java:91) ~[datafixerupper-6.0.8.jar:?]
	at com.mojang.serialization.Decoder.decode(Decoder.java:22) ~[datafixerupper-6.0.8.jar:?]
	at com.mojang.serialization.Decoder.parse(Decoder.java:26) ~[datafixerupper-6.0.8.jar:?]
	at net.minecraft.class_32.method_29010(class_32.java:154) ~[server-intermediary.jar:?]
	at net.minecraft.class_32.method_29582(class_32.java:276) ~[server-intermediary.jar:?]
	at net.minecraft.class_32.method_26998(class_32.java:234) ~[server-intermediary.jar:?]
	at net.minecraft.class_32$class_5143.method_27013(class_32.java:433) ~[server-intermediary.jar:?]
	at net.minecraft.server.Main.method_43613(Main.java:167) ~[server-intermediary.jar:?]
	at net.minecraft.class_7237.method_42098(class_7237.java:42) ~[server-intermediary.jar:?]
	at net.minecraft.server.Main.method_43612(Main.java:162) ~[server-intermediary.jar:?]
	at net.minecraft.class_156.method_43498(class_156.java:944) ~[server-intermediary.jar:?]
	at net.minecraft.class_156.method_43499(class_156.java:938) ~[server-intermediary.jar:?]
	at net.minecraft.server.Main.main(Main.java:160) ~[server-intermediary.jar:?]
	... 5 more
